{"/home/travis/build/npmtest/node-npmtest-globalize/test.js":{"path":"/home/travis/build/npmtest/node-npmtest-globalize/test.js","s":{"1":2,"2":2,"3":2,"4":2,"5":2,"6":2,"7":2,"8":1,"9":2,"10":2,"11":1,"12":1,"13":1,"14":1,"15":2,"16":2,"17":2,"18":2,"19":1,"20":1,"21":2,"22":2,"23":2,"24":1,"25":1,"26":1,"27":1,"28":1,"29":1,"30":1,"31":1,"32":1,"33":1,"34":1,"35":1,"36":1,"37":1,"38":1,"39":2,"40":2,"41":1,"42":2,"43":2,"44":1,"45":2,"46":2,"47":1,"48":2,"49":2,"50":1,"51":1,"52":1,"53":1,"54":1},"b":{"1":[2,1,1,1],"2":[1,1,1,1],"3":[1,1],"4":[1,1],"5":[1,1],"6":[1,1],"7":[1,1],"8":[1,1],"9":[1,1],"10":[1,1,1],"11":[1,1],"12":[1,1],"13":[1,1],"14":[1,1],"15":[1,1],"16":[1,1],"17":[1,1]},"f":{"1":2,"2":2,"3":2,"4":2,"5":2,"6":1,"7":1,"8":1,"9":2,"10":2,"11":2,"12":2,"13":1},"fnMap":{"1":{"name":"(anonymous_1)","line":12,"loc":{"start":{"line":12,"column":1},"end":{"line":12,"column":13}}},"2":{"name":"(anonymous_2)","line":19,"loc":{"start":{"line":19,"column":5},"end":{"line":19,"column":17}}},"3":{"name":"(anonymous_3)","line":23,"loc":{"start":{"line":23,"column":24},"end":{"line":23,"column":36}}},"4":{"name":"(anonymous_4)","line":61,"loc":{"start":{"line":61,"column":5},"end":{"line":61,"column":17}}},"5":{"name":"(anonymous_5)","line":82,"loc":{"start":{"line":82,"column":5},"end":{"line":82,"column":17}}},"6":{"name":"(anonymous_6)","line":91,"loc":{"start":{"line":91,"column":77},"end":{"line":94,"column":10}}},"7":{"name":"(anonymous_7)","line":112,"loc":{"start":{"line":112,"column":83},"end":{"line":115,"column":10}},"skip":true},"8":{"name":"(anonymous_8)","line":123,"loc":{"start":{"line":123,"column":77},"end":{"line":126,"column":10}},"skip":true},"9":{"name":"(anonymous_9)","line":139,"loc":{"start":{"line":139,"column":12},"end":{"line":139,"column":40}},"skip":true},"10":{"name":"(anonymous_10)","line":147,"loc":{"start":{"line":147,"column":77},"end":{"line":150,"column":10}},"skip":true},"11":{"name":"(anonymous_11)","line":158,"loc":{"start":{"line":158,"column":83},"end":{"line":161,"column":10}},"skip":true},"12":{"name":"(anonymous_12)","line":169,"loc":{"start":{"line":169,"column":79},"end":{"line":172,"column":10}},"skip":true},"13":{"name":"(anonymous_13)","line":180,"loc":{"start":{"line":180,"column":75},"end":{"line":183,"column":10}},"skip":true}},"statementMap":{"1":{"start":{"line":12,"column":0},"end":{"line":195,"column":5}},"2":{"start":{"line":14,"column":4},"end":{"line":14,"column":14}},"3":{"start":{"line":19,"column":4},"end":{"line":56,"column":9}},"4":{"start":{"line":21,"column":8},"end":{"line":21,"column":19}},"5":{"start":{"line":23,"column":8},"end":{"line":35,"column":13}},"6":{"start":{"line":24,"column":12},"end":{"line":34,"column":13}},"7":{"start":{"line":25,"column":16},"end":{"line":28,"column":30}},"8":{"start":{"line":30,"column":16},"end":{"line":33,"column":27}},"9":{"start":{"line":37,"column":8},"end":{"line":39,"column":21}},"10":{"start":{"line":40,"column":8},"end":{"line":53,"column":9}},"11":{"start":{"line":43,"column":12},"end":{"line":46,"column":14}},"12":{"start":{"line":47,"column":12},"end":{"line":47,"column":18}},"13":{"start":{"line":50,"column":12},"end":{"line":51,"column":46}},"14":{"start":{"line":52,"column":12},"end":{"line":52,"column":18}},"15":{"start":{"line":55,"column":8},"end":{"line":55,"column":35}},"16":{"start":{"line":61,"column":4},"end":{"line":63,"column":9}},"17":{"start":{"line":62,"column":8},"end":{"line":62,"column":15}},"18":{"start":{"line":64,"column":4},"end":{"line":77,"column":5}},"19":{"start":{"line":70,"column":8},"end":{"line":70,"column":14}},"20":{"start":{"line":76,"column":8},"end":{"line":76,"column":14}},"21":{"start":{"line":82,"column":4},"end":{"line":84,"column":9}},"22":{"start":{"line":83,"column":8},"end":{"line":83,"column":15}},"23":{"start":{"line":85,"column":4},"end":{"line":194,"column":5}},"24":{"start":{"line":91,"column":8},"end":{"line":99,"column":10}},"25":{"start":{"line":98,"column":12},"end":{"line":98,"column":35}},"26":{"start":{"line":102,"column":8},"end":{"line":104,"column":63}},"27":{"start":{"line":105,"column":8},"end":{"line":105,"column":14}},"28":{"start":{"line":112,"column":8},"end":{"line":121,"column":10},"skip":true},"29":{"start":{"line":119,"column":12},"end":{"line":119,"column":55},"skip":true},"30":{"start":{"line":120,"column":12},"end":{"line":120,"column":48},"skip":true},"31":{"start":{"line":123,"column":8},"end":{"line":136,"column":10},"skip":true},"32":{"start":{"line":130,"column":12},"end":{"line":130,"column":76},"skip":true},"33":{"start":{"line":131,"column":12},"end":{"line":131,"column":73},"skip":true},"34":{"start":{"line":132,"column":12},"end":{"line":132,"column":74},"skip":true},"35":{"start":{"line":133,"column":12},"end":{"line":133,"column":79},"skip":true},"36":{"start":{"line":134,"column":12},"end":{"line":134,"column":25},"skip":true},"37":{"start":{"line":135,"column":12},"end":{"line":135,"column":45},"skip":true},"38":{"start":{"line":138,"column":8},"end":{"line":145,"column":14},"skip":true},"39":{"start":{"line":143,"column":16},"end":{"line":143,"column":29},"skip":true},"40":{"start":{"line":144,"column":16},"end":{"line":144,"column":55},"skip":true},"41":{"start":{"line":147,"column":8},"end":{"line":156,"column":10},"skip":true},"42":{"start":{"line":154,"column":12},"end":{"line":154,"column":25},"skip":true},"43":{"start":{"line":155,"column":12},"end":{"line":155,"column":45},"skip":true},"44":{"start":{"line":158,"column":8},"end":{"line":167,"column":10},"skip":true},"45":{"start":{"line":165,"column":12},"end":{"line":165,"column":25},"skip":true},"46":{"start":{"line":166,"column":12},"end":{"line":166,"column":48},"skip":true},"47":{"start":{"line":169,"column":8},"end":{"line":178,"column":10},"skip":true},"48":{"start":{"line":176,"column":12},"end":{"line":176,"column":25},"skip":true},"49":{"start":{"line":177,"column":12},"end":{"line":177,"column":46},"skip":true},"50":{"start":{"line":180,"column":8},"end":{"line":189,"column":10},"skip":true},"51":{"start":{"line":187,"column":12},"end":{"line":187,"column":94},"skip":true},"52":{"start":{"line":188,"column":12},"end":{"line":188,"column":48},"skip":true},"53":{"start":{"line":192,"column":8},"end":{"line":192,"column":35},"skip":true},"54":{"start":{"line":193,"column":8},"end":{"line":193,"column":14},"skip":true}},"branchMap":{"1":{"line":25,"type":"binary-expr","locations":[{"start":{"line":25,"column":23},"end":{"line":25,"column":62}},{"start":{"line":26,"column":20},"end":{"line":26,"column":70}},{"start":{"line":27,"column":20},"end":{"line":27,"column":71}},{"start":{"line":28,"column":20},"end":{"line":28,"column":29}}]},"2":{"line":30,"type":"binary-expr","locations":[{"start":{"line":30,"column":23},"end":{"line":30,"column":37}},{"start":{"line":31,"column":20},"end":{"line":31,"column":61}},{"start":{"line":32,"column":20},"end":{"line":32,"column":70}},{"start":{"line":33,"column":20},"end":{"line":33,"column":26}}]},"3":{"line":37,"type":"cond-expr","locations":[{"start":{"line":38,"column":14},"end":{"line":38,"column":20}},{"start":{"line":39,"column":14},"end":{"line":39,"column":20}}]},"4":{"line":40,"type":"switch","locations":[{"start":{"line":42,"column":8},"end":{"line":47,"column":18}},{"start":{"line":49,"column":8},"end":{"line":52,"column":18}}]},"5":{"line":44,"type":"binary-expr","locations":[{"start":{"line":44,"column":16},"end":{"line":44,"column":44}},{"start":{"line":44,"column":48},"end":{"line":44,"column":66}}]},"6":{"line":50,"type":"binary-expr","locations":[{"start":{"line":50,"column":21},"end":{"line":50,"column":49}},{"start":{"line":50,"column":53},"end":{"line":50,"column":72}}]},"7":{"line":64,"type":"switch","locations":[{"start":{"line":69,"column":4},"end":{"line":70,"column":14}},{"start":{"line":75,"column":4},"end":{"line":76,"column":14}}]},"8":{"line":85,"type":"switch","locations":[{"start":{"line":90,"column":4},"end":{"line":105,"column":14}},{"start":{"line":111,"column":4},"end":{"line":193,"column":14},"skip":true}]},"9":{"line":91,"type":"binary-expr","locations":[{"start":{"line":91,"column":42},"end":{"line":91,"column":73}},{"start":{"line":91,"column":77},"end":{"line":99,"column":9}}]},"10":{"line":102,"type":"binary-expr","locations":[{"start":{"line":102,"column":18},"end":{"line":102,"column":32}},{"start":{"line":103,"column":12},"end":{"line":103,"column":53}},{"start":{"line":104,"column":12},"end":{"line":104,"column":61}}]},"11":{"line":112,"type":"binary-expr","locations":[{"start":{"line":112,"column":45},"end":{"line":112,"column":79},"skip":true},{"start":{"line":112,"column":83},"end":{"line":121,"column":9},"skip":true}]},"12":{"line":123,"type":"binary-expr","locations":[{"start":{"line":123,"column":42},"end":{"line":123,"column":73},"skip":true},{"start":{"line":123,"column":77},"end":{"line":136,"column":9},"skip":true}]},"13":{"line":138,"type":"binary-expr","locations":[{"start":{"line":138,"column":48},"end":{"line":138,"column":85},"skip":true},{"start":{"line":139,"column":12},"end":{"line":145,"column":13},"skip":true}]},"14":{"line":147,"type":"binary-expr","locations":[{"start":{"line":147,"column":42},"end":{"line":147,"column":73},"skip":true},{"start":{"line":147,"column":77},"end":{"line":156,"column":9},"skip":true}]},"15":{"line":158,"type":"binary-expr","locations":[{"start":{"line":158,"column":45},"end":{"line":158,"column":79},"skip":true},{"start":{"line":158,"column":83},"end":{"line":167,"column":9},"skip":true}]},"16":{"line":169,"type":"binary-expr","locations":[{"start":{"line":169,"column":43},"end":{"line":169,"column":75},"skip":true},{"start":{"line":169,"column":79},"end":{"line":178,"column":9},"skip":true}]},"17":{"line":180,"type":"binary-expr","locations":[{"start":{"line":180,"column":41},"end":{"line":180,"column":71},"skip":true},{"start":{"line":180,"column":75},"end":{"line":189,"column":9},"skip":true}]}},"code":["/* istanbul instrument in package npmtest_globalize */","/*jslint","    bitwise: true,","    browser: true,","    maxerr: 8,","    maxlen: 96,","    node: true,","    nomen: true,","    regexp: true,","    stupid: true","*/","(function () {","    'use strict';","    var local;","","","","    // run shared js-env code - pre-init","    (function () {","        // init local","        local = {};","        // init modeJs","        local.modeJs = (function () {","            try {","                return typeof navigator.userAgent === 'string' &&","                    typeof document.querySelector('body') === 'object' &&","                    typeof XMLHttpRequest.prototype.open === 'function' &&","                    'browser';","            } catch (errorCaughtBrowser) {","                return module.exports &&","                    typeof process.versions.node === 'string' &&","                    typeof require('http').createServer === 'function' &&","                    'node';","            }","        }());","        // init global","        local.global = local.modeJs === 'browser'","            ? window","            : global;","        switch (local.modeJs) {","        // re-init local from window.local","        case 'browser':","            local = local.global.utility2.objectSetDefault(","                local.global.utility2_rollup || local.global.local,","                local.global.utility2","            );","            break;","        // re-init local from example.js","        case 'node':","            local = (local.global.utility2_rollup || require('utility2'))","                .requireExampleJsFromReadme();","            break;","        }","        // export local","        local.global.local = local;","    }());","","","","    // run shared js-env code - function","    (function () {","        return;","    }());","    switch (local.modeJs) {","","","","    // run browser js-env code - function","    case 'browser':","        break;","","","","    // run node js-env code - function","    case 'node':","        break;","    }","","","","    // run shared js-env code - post-init","    (function () {","        return;","    }());","    switch (local.modeJs) {","","","","    // run browser js-env code - post-init","    case 'browser':","        local.testCase_browser_nullCase = local.testCase_browser_nullCase || function (","            options,","            onError","        ) {","        /*","         * this function will test browsers's null-case handling-behavior-behavior","         */","            onError(null, options);","        };","","        // run tests","        local.nop(local.modeTest &&","            document.querySelector('#testRunButton1') &&","            document.querySelector('#testRunButton1').click());","        break;","","","","    // run node js-env code - post-init","    /* istanbul ignore next */","    case 'node':","        local.testCase_buildApidoc_default = local.testCase_buildApidoc_default || function (","            options,","            onError","        ) {","        /*","         * this function will test buildApidoc's default handling-behavior-behavior","         */","            options = { modulePathList: module.paths };","            local.buildApidoc(options, onError);","        };","","        local.testCase_buildApp_default = local.testCase_buildApp_default || function (","            options,","            onError","        ) {","        /*","         * this function will test buildApp's default handling-behavior-behavior","         */","            local.testCase_buildReadme_default(options, local.onErrorThrow);","            local.testCase_buildLib_default(options, local.onErrorThrow);","            local.testCase_buildTest_default(options, local.onErrorThrow);","            local.testCase_buildCustomOrg_default(options, local.onErrorThrow);","            options = [];","            local.buildApp(options, onError);","        };","","        local.testCase_buildCustomOrg_default = local.testCase_buildCustomOrg_default ||","            function (options, onError) {","            /*","             * this function will test buildCustomOrg's default handling-behavior","             */","                options = {};","                local.buildCustomOrg(options, onError);","            };","","        local.testCase_buildLib_default = local.testCase_buildLib_default || function (","            options,","            onError","        ) {","        /*","         * this function will test buildLib's default handling-behavior","         */","            options = {};","            local.buildLib(options, onError);","        };","","        local.testCase_buildReadme_default = local.testCase_buildReadme_default || function (","            options,","            onError","        ) {","        /*","         * this function will test buildReadme's default handling-behavior-behavior","         */","            options = {};","            local.buildReadme(options, onError);","        };","","        local.testCase_buildTest_default = local.testCase_buildTest_default || function (","            options,","            onError","        ) {","        /*","         * this function will test buildTest's default handling-behavior","         */","            options = {};","            local.buildTest(options, onError);","        };","","        local.testCase_webpage_default = local.testCase_webpage_default || function (","            options,","            onError","        ) {","        /*","         * this function will test webpage's default handling-behavior","         */","            options = { modeCoverageMerge: true, url: local.serverLocalHost + '?modeTest=1' };","            local.browserTest(options, onError);","        };","","        // run test-server","        local.testRunServer(local);","        break;","    }","}());",""],"l":{"12":2,"14":2,"19":2,"21":2,"23":2,"24":2,"25":2,"30":1,"37":2,"40":2,"43":1,"47":1,"50":1,"52":1,"55":2,"61":2,"62":2,"64":2,"70":1,"76":1,"82":2,"83":2,"85":2,"91":1,"98":1,"102":1,"105":1,"112":1,"119":1,"120":1,"123":1,"130":1,"131":1,"132":1,"133":1,"134":1,"135":1,"138":1,"143":2,"144":2,"147":1,"154":2,"155":2,"158":1,"165":2,"166":2,"169":1,"176":2,"177":2,"180":1,"187":1,"188":1,"192":1,"193":1}},"/home/travis/build/npmtest/node-npmtest-globalize/lib.npmtest_globalize.js":{"path":"/home/travis/build/npmtest/node-npmtest-globalize/lib.npmtest_globalize.js","s":{"1":2,"2":2,"3":2,"4":2,"5":2,"6":2,"7":2,"8":1,"9":2,"10":2,"11":2,"12":2,"13":1,"14":1,"15":1,"16":1},"b":{"1":[2,1,1,1],"2":[1,1,1,1],"3":[1,1],"4":[2,2],"5":[1,1]},"f":{"1":2,"2":2,"3":2},"fnMap":{"1":{"name":"(anonymous_1)","line":12,"loc":{"start":{"line":12,"column":1},"end":{"line":12,"column":13}}},"2":{"name":"(anonymous_2)","line":19,"loc":{"start":{"line":19,"column":5},"end":{"line":19,"column":17}}},"3":{"name":"(anonymous_3)","line":23,"loc":{"start":{"line":23,"column":24},"end":{"line":23,"column":36}}}},"statementMap":{"1":{"start":{"line":12,"column":0},"end":{"line":53,"column":5}},"2":{"start":{"line":14,"column":4},"end":{"line":14,"column":14}},"3":{"start":{"line":19,"column":4},"end":{"line":52,"column":9}},"4":{"start":{"line":21,"column":8},"end":{"line":21,"column":19}},"5":{"start":{"line":23,"column":8},"end":{"line":35,"column":13}},"6":{"start":{"line":24,"column":12},"end":{"line":34,"column":13}},"7":{"start":{"line":25,"column":16},"end":{"line":28,"column":30}},"8":{"start":{"line":30,"column":16},"end":{"line":33,"column":27}},"9":{"start":{"line":37,"column":8},"end":{"line":39,"column":21}},"10":{"start":{"line":41,"column":8},"end":{"line":41,"column":54}},"11":{"start":{"line":43,"column":8},"end":{"line":43,"column":54}},"12":{"start":{"line":45,"column":8},"end":{"line":51,"column":9}},"13":{"start":{"line":46,"column":12},"end":{"line":46,"column":60}},"14":{"start":{"line":48,"column":12},"end":{"line":48,"column":35}},"15":{"start":{"line":49,"column":12},"end":{"line":49,"column":49}},"16":{"start":{"line":50,"column":12},"end":{"line":50,"column":43}}},"branchMap":{"1":{"line":25,"type":"binary-expr","locations":[{"start":{"line":25,"column":23},"end":{"line":25,"column":62}},{"start":{"line":26,"column":20},"end":{"line":26,"column":70}},{"start":{"line":27,"column":20},"end":{"line":27,"column":71}},{"start":{"line":28,"column":20},"end":{"line":28,"column":29}}]},"2":{"line":30,"type":"binary-expr","locations":[{"start":{"line":30,"column":23},"end":{"line":30,"column":37}},{"start":{"line":31,"column":20},"end":{"line":31,"column":61}},{"start":{"line":32,"column":20},"end":{"line":32,"column":70}},{"start":{"line":33,"column":20},"end":{"line":33,"column":26}}]},"3":{"line":37,"type":"cond-expr","locations":[{"start":{"line":38,"column":14},"end":{"line":38,"column":20}},{"start":{"line":39,"column":14},"end":{"line":39,"column":20}}]},"4":{"line":41,"type":"binary-expr","locations":[{"start":{"line":41,"column":16},"end":{"line":41,"column":44}},{"start":{"line":41,"column":48},"end":{"line":41,"column":53}}]},"5":{"line":45,"type":"if","locations":[{"start":{"line":45,"column":8},"end":{"line":45,"column":8}},{"start":{"line":45,"column":8},"end":{"line":45,"column":8}}]}},"code":["/* istanbul instrument in package npmtest_globalize */","/*jslint","    bitwise: true,","    browser: true,","    maxerr: 8,","    maxlen: 96,","    node: true,","    nomen: true,","    regexp: true,","    stupid: true","*/","(function () {","    'use strict';","    var local;","","","","    // run shared js-env code - pre-init","    (function () {","        // init local","        local = {};","        // init modeJs","        local.modeJs = (function () {","            try {","                return typeof navigator.userAgent === 'string' &&","                    typeof document.querySelector('body') === 'object' &&","                    typeof XMLHttpRequest.prototype.open === 'function' &&","                    'browser';","            } catch (errorCaughtBrowser) {","                return module.exports &&","                    typeof process.versions.node === 'string' &&","                    typeof require('http').createServer === 'function' &&","                    'node';","            }","        }());","        // init global","        local.global = local.modeJs === 'browser'","            ? window","            : global;","        // init utility2_rollup","        local = local.global.utility2_rollup || local;","        // init lib","        local.local = local.npmtest_globalize = local;","        // init exports","        if (local.modeJs === 'browser') {","            local.global.utility2_npmtest_globalize = local;","        } else {","            module.exports = local;","            module.exports.__dirname = __dirname;","            module.exports.module = module;","        }","    }());","}());",""],"l":{"12":2,"14":2,"19":2,"21":2,"23":2,"24":2,"25":2,"30":1,"37":2,"41":2,"43":2,"45":2,"46":1,"48":1,"49":1,"50":1}},"/home/travis/build/npmtest/node-npmtest-globalize/example.js":{"path":"/home/travis/build/npmtest/node-npmtest-globalize/example.js","s":{"1":2,"2":2,"3":2,"4":2,"5":2,"6":2,"7":2,"8":1,"9":2,"10":2,"11":2,"12":2,"13":1,"14":2,"15":2,"16":2,"17":2,"18":2,"19":0,"20":2,"21":1,"22":1,"23":1,"24":1,"25":1,"26":0,"27":0,"28":1,"29":1,"30":2,"31":0,"32":0,"33":0,"34":1,"35":2,"36":2,"37":3,"38":3,"39":3,"40":3,"41":0,"42":3,"43":3,"44":3,"45":1,"46":3,"47":1,"48":1,"49":1,"50":1,"51":1,"52":1,"53":1,"54":1,"55":1,"56":1,"57":0,"58":1,"59":6,"60":6,"61":1,"62":2,"63":0,"64":2,"65":1,"66":1,"67":0,"68":0,"69":0,"70":0,"71":0,"72":0,"73":0,"74":0,"75":0,"76":0,"77":0,"78":0,"79":0,"80":0,"81":0,"82":0,"83":0},"b":{"1":[2,1,1,1],"2":[1,1,1,1],"3":[1,1],"4":[2,2],"5":[1,1],"6":[1,1],"7":[2,0],"8":[2,1,1,1,1,1],"9":[0,2,0],"10":[1,1],"11":[2,1,1],"12":[1,0],"13":[0,2],"14":[2,0,0,0,0,0,0],"15":[0,3],"16":[3,0],"17":[1,1],"18":[0,1],"19":[1,2,0,2],"20":[1,0],"21":[1,1],"22":[0,0],"23":[0,0],"24":[0,0],"25":[0,0],"26":[0,0],"27":[0,0],"28":[0,0]},"f":{"1":2,"2":2,"3":2,"4":2,"5":2,"6":2,"7":3,"8":3,"9":3,"10":1,"11":6,"12":0},"fnMap":{"1":{"name":"(anonymous_1)","line":26,"loc":{"start":{"line":26,"column":1},"end":{"line":26,"column":13}}},"2":{"name":"(anonymous_2)","line":33,"loc":{"start":{"line":33,"column":5},"end":{"line":33,"column":17}}},"3":{"name":"(anonymous_3)","line":37,"loc":{"start":{"line":37,"column":24},"end":{"line":37,"column":36}}},"4":{"name":"(anonymous_4)","line":69,"loc":{"start":{"line":69,"column":31},"end":{"line":69,"column":48}},"skip":true},"5":{"name":"(anonymous_5)","line":78,"loc":{"start":{"line":78,"column":26},"end":{"line":78,"column":45}},"skip":true},"6":{"name":"(anonymous_6)","line":123,"loc":{"start":{"line":123,"column":33},"end":{"line":123,"column":48}},"skip":true},"7":{"name":"(anonymous_7)","line":125,"loc":{"start":{"line":125,"column":27},"end":{"line":125,"column":39}},"skip":true},"8":{"name":"(anonymous_8)","line":133,"loc":{"start":{"line":133,"column":59},"end":{"line":133,"column":74}},"skip":true},"9":{"name":"(anonymous_9)","line":143,"loc":{"start":{"line":143,"column":45},"end":{"line":143,"column":62}},"skip":true},"10":{"name":"(anonymous_10)","line":144,"loc":{"start":{"line":144,"column":73},"end":{"line":144,"column":92}},"skip":true},"11":{"name":"(anonymous_11)","line":272,"loc":{"start":{"line":272,"column":51},"end":{"line":272,"column":77}},"skip":true},"12":{"name":"(anonymous_12)","line":315,"loc":{"start":{"line":315,"column":32},"end":{"line":315,"column":61}},"skip":true}},"statementMap":{"1":{"start":{"line":26,"column":0},"end":{"line":326,"column":5}},"2":{"start":{"line":28,"column":4},"end":{"line":28,"column":14}},"3":{"start":{"line":33,"column":4},"end":{"line":60,"column":9}},"4":{"start":{"line":35,"column":8},"end":{"line":35,"column":19}},"5":{"start":{"line":37,"column":8},"end":{"line":49,"column":13}},"6":{"start":{"line":38,"column":12},"end":{"line":48,"column":13}},"7":{"start":{"line":39,"column":16},"end":{"line":42,"column":30}},"8":{"start":{"line":44,"column":16},"end":{"line":47,"column":27}},"9":{"start":{"line":51,"column":8},"end":{"line":53,"column":21}},"10":{"start":{"line":55,"column":8},"end":{"line":57,"column":45}},"11":{"start":{"line":59,"column":8},"end":{"line":59,"column":35}},"12":{"start":{"line":61,"column":4},"end":{"line":325,"column":5}},"13":{"start":{"line":69,"column":8},"end":{"line":121,"column":10},"skip":true},"14":{"start":{"line":70,"column":12},"end":{"line":88,"column":13},"skip":true},"15":{"start":{"line":76,"column":16},"end":{"line":87,"column":19},"skip":true},"16":{"start":{"line":79,"column":20},"end":{"line":86,"column":21},"skip":true},"17":{"start":{"line":82,"column":24},"end":{"line":82,"column":43},"skip":true},"18":{"start":{"line":83,"column":24},"end":{"line":83,"column":30},"skip":true},"19":{"start":{"line":85,"column":24},"end":{"line":85,"column":49},"skip":true},"20":{"start":{"line":89,"column":12},"end":{"line":107,"column":13},"skip":true},"21":{"start":{"line":92,"column":16},"end":{"line":102,"column":17},"skip":true},"22":{"start":{"line":93,"column":20},"end":{"line":93,"column":86},"skip":true},"23":{"start":{"line":94,"column":20},"end":{"line":95,"column":45},"skip":true},"24":{"start":{"line":96,"column":20},"end":{"line":96,"column":42},"skip":true},"25":{"start":{"line":97,"column":20},"end":{"line":97,"column":48},"skip":true},"26":{"start":{"line":100,"column":20},"end":{"line":100,"column":85},"skip":true},"27":{"start":{"line":101,"column":20},"end":{"line":101,"column":96},"skip":true},"28":{"start":{"line":103,"column":16},"end":{"line":103,"column":22},"skip":true},"29":{"start":{"line":106,"column":16},"end":{"line":106,"column":22},"skip":true},"30":{"start":{"line":108,"column":12},"end":{"line":120,"column":13},"skip":true},"31":{"start":{"line":114,"column":16},"end":{"line":119,"column":17},"skip":true},"32":{"start":{"line":116,"column":20},"end":{"line":116,"column":78},"skip":true},"33":{"start":{"line":118,"column":20},"end":{"line":118,"column":47},"skip":true},"34":{"start":{"line":123,"column":8},"end":{"line":141,"column":11},"skip":true},"35":{"start":{"line":124,"column":12},"end":{"line":124,"column":54},"skip":true},"36":{"start":{"line":125,"column":12},"end":{"line":140,"column":14},"skip":true},"37":{"start":{"line":126,"column":16},"end":{"line":126,"column":28},"skip":true},"38":{"start":{"line":127,"column":16},"end":{"line":127,"column":69},"skip":true},"39":{"start":{"line":128,"column":16},"end":{"line":128,"column":75},"skip":true},"40":{"start":{"line":129,"column":16},"end":{"line":131,"column":17},"skip":true},"41":{"start":{"line":130,"column":20},"end":{"line":130,"column":27},"skip":true},"42":{"start":{"line":133,"column":16},"end":{"line":137,"column":36},"skip":true},"43":{"start":{"line":134,"column":20},"end":{"line":136,"column":55},"skip":true},"44":{"start":{"line":139,"column":16},"end":{"line":139,"column":57},"skip":true},"45":{"start":{"line":143,"column":8},"end":{"line":147,"column":11},"skip":true},"46":{"start":{"line":144,"column":12},"end":{"line":146,"column":15},"skip":true},"47":{"start":{"line":145,"column":16},"end":{"line":145,"column":70},"skip":true},"48":{"start":{"line":149,"column":8},"end":{"line":149,"column":31},"skip":true},"49":{"start":{"line":150,"column":8},"end":{"line":150,"column":14},"skip":true},"50":{"start":{"line":158,"column":8},"end":{"line":158,"column":31},"skip":true},"51":{"start":{"line":160,"column":8},"end":{"line":160,"column":33},"skip":true},"52":{"start":{"line":161,"column":8},"end":{"line":161,"column":37},"skip":true},"53":{"start":{"line":162,"column":8},"end":{"line":162,"column":35},"skip":true},"54":{"start":{"line":164,"column":8},"end":{"line":164,"column":50},"skip":true},"55":{"start":{"line":166,"column":8},"end":{"line":256,"column":2},"skip":true},"56":{"start":{"line":258,"column":8},"end":{"line":286,"column":9},"skip":true},"57":{"start":{"line":259,"column":12},"end":{"line":269,"column":14},"skip":true},"58":{"start":{"line":271,"column":12},"end":{"line":285,"column":19},"skip":true},"59":{"start":{"line":274,"column":20},"end":{"line":274,"column":35},"skip":true},"60":{"start":{"line":275,"column":20},"end":{"line":284,"column":21},"skip":true},"61":{"start":{"line":277,"column":24},"end":{"line":277,"column":64},"skip":true},"62":{"start":{"line":279,"column":24},"end":{"line":279,"column":40},"skip":true},"63":{"start":{"line":281,"column":24},"end":{"line":281,"column":40},"skip":true},"64":{"start":{"line":283,"column":24},"end":{"line":283,"column":39},"skip":true},"65":{"start":{"line":288,"column":8},"end":{"line":290,"column":9},"skip":true},"66":{"start":{"line":289,"column":12},"end":{"line":289,"column":18},"skip":true},"67":{"start":{"line":291,"column":8},"end":{"line":293,"column":54},"skip":true},"68":{"start":{"line":296,"column":8},"end":{"line":301,"column":37},"skip":true},"69":{"start":{"line":303,"column":8},"end":{"line":303,"column":82},"skip":true},"70":{"start":{"line":306,"column":8},"end":{"line":308,"column":9},"skip":true},"71":{"start":{"line":307,"column":12},"end":{"line":307,"column":82},"skip":true},"72":{"start":{"line":310,"column":8},"end":{"line":312,"column":9},"skip":true},"73":{"start":{"line":311,"column":12},"end":{"line":311,"column":18},"skip":true},"74":{"start":{"line":313,"column":8},"end":{"line":313,"column":54},"skip":true},"75":{"start":{"line":314,"column":8},"end":{"line":314,"column":69},"skip":true},"76":{"start":{"line":315,"column":8},"end":{"line":323,"column":36},"skip":true},"77":{"start":{"line":316,"column":12},"end":{"line":316,"column":61},"skip":true},"78":{"start":{"line":317,"column":12},"end":{"line":320,"column":13},"skip":true},"79":{"start":{"line":318,"column":16},"end":{"line":318,"column":75},"skip":true},"80":{"start":{"line":319,"column":16},"end":{"line":319,"column":23},"skip":true},"81":{"start":{"line":321,"column":12},"end":{"line":321,"column":38},"skip":true},"82":{"start":{"line":322,"column":12},"end":{"line":322,"column":27},"skip":true},"83":{"start":{"line":324,"column":8},"end":{"line":324,"column":14},"skip":true}},"branchMap":{"1":{"line":39,"type":"binary-expr","locations":[{"start":{"line":39,"column":23},"end":{"line":39,"column":62}},{"start":{"line":40,"column":20},"end":{"line":40,"column":70}},{"start":{"line":41,"column":20},"end":{"line":41,"column":71}},{"start":{"line":42,"column":20},"end":{"line":42,"column":29}}]},"2":{"line":44,"type":"binary-expr","locations":[{"start":{"line":44,"column":23},"end":{"line":44,"column":37}},{"start":{"line":45,"column":20},"end":{"line":45,"column":61}},{"start":{"line":46,"column":20},"end":{"line":46,"column":70}},{"start":{"line":47,"column":20},"end":{"line":47,"column":26}}]},"3":{"line":51,"type":"cond-expr","locations":[{"start":{"line":52,"column":14},"end":{"line":52,"column":20}},{"start":{"line":53,"column":14},"end":{"line":53,"column":20}}]},"4":{"line":55,"type":"binary-expr","locations":[{"start":{"line":55,"column":16},"end":{"line":55,"column":44}},{"start":{"line":55,"column":49},"end":{"line":57,"column":43}}]},"5":{"line":55,"type":"cond-expr","locations":[{"start":{"line":56,"column":14},"end":{"line":56,"column":53}},{"start":{"line":57,"column":14},"end":{"line":57,"column":43}}]},"6":{"line":61,"type":"switch","locations":[{"start":{"line":68,"column":4},"end":{"line":150,"column":14},"skip":true},{"start":{"line":156,"column":4},"end":{"line":324,"column":14},"skip":true}]},"7":{"line":70,"type":"if","locations":[{"start":{"line":70,"column":12},"end":{"line":70,"column":12},"skip":true},{"start":{"line":70,"column":12},"end":{"line":70,"column":12},"skip":true}]},"8":{"line":70,"type":"binary-expr","locations":[{"start":{"line":70,"column":16},"end":{"line":70,"column":22},"skip":true},{"start":{"line":70,"column":27},"end":{"line":70,"column":32},"skip":true},{"start":{"line":71,"column":20},"end":{"line":71,"column":39},"skip":true},{"start":{"line":72,"column":20},"end":{"line":72,"column":49},"skip":true},{"start":{"line":73,"column":20},"end":{"line":73,"column":58},"skip":true},{"start":{"line":74,"column":20},"end":{"line":74,"column":69},"skip":true}]},"9":{"line":79,"type":"switch","locations":[{"start":{"line":80,"column":20},"end":{"line":80,"column":33},"skip":true},{"start":{"line":81,"column":20},"end":{"line":83,"column":30},"skip":true},{"start":{"line":84,"column":20},"end":{"line":85,"column":49},"skip":true}]},"10":{"line":89,"type":"switch","locations":[{"start":{"line":90,"column":12},"end":{"line":103,"column":22},"skip":true},{"start":{"line":105,"column":12},"end":{"line":106,"column":22},"skip":true}]},"11":{"line":89,"type":"binary-expr","locations":[{"start":{"line":89,"column":20},"end":{"line":89,"column":25},"skip":true},{"start":{"line":89,"column":29},"end":{"line":89,"column":48},"skip":true},{"start":{"line":89,"column":52},"end":{"line":89,"column":74},"skip":true}]},"12":{"line":92,"type":"if","locations":[{"start":{"line":92,"column":16},"end":{"line":92,"column":16},"skip":true},{"start":{"line":92,"column":16},"end":{"line":92,"column":16},"skip":true}]},"13":{"line":108,"type":"if","locations":[{"start":{"line":108,"column":12},"end":{"line":108,"column":12},"skip":true},{"start":{"line":108,"column":12},"end":{"line":108,"column":12},"skip":true}]},"14":{"line":108,"type":"binary-expr","locations":[{"start":{"line":108,"column":16},"end":{"line":108,"column":61},"skip":true},{"start":{"line":108,"column":66},"end":{"line":108,"column":72},"skip":true},{"start":{"line":108,"column":77},"end":{"line":108,"column":82},"skip":true},{"start":{"line":109,"column":20},"end":{"line":109,"column":39},"skip":true},{"start":{"line":110,"column":20},"end":{"line":110,"column":49},"skip":true},{"start":{"line":111,"column":20},"end":{"line":111,"column":58},"skip":true},{"start":{"line":112,"column":20},"end":{"line":112,"column":68},"skip":true}]},"15":{"line":129,"type":"if","locations":[{"start":{"line":129,"column":16},"end":{"line":129,"column":16},"skip":true},{"start":{"line":129,"column":16},"end":{"line":129,"column":16},"skip":true}]},"16":{"line":134,"type":"cond-expr","locations":[{"start":{"line":135,"column":26},"end":{"line":135,"column":29},"skip":true},{"start":{"line":136,"column":26},"end":{"line":136,"column":54},"skip":true}]},"17":{"line":164,"type":"binary-expr","locations":[{"start":{"line":164,"column":27},"end":{"line":164,"column":43},"skip":true},{"start":{"line":164,"column":47},"end":{"line":164,"column":49},"skip":true}]},"18":{"line":258,"type":"if","locations":[{"start":{"line":258,"column":8},"end":{"line":258,"column":8},"skip":true},{"start":{"line":258,"column":8},"end":{"line":258,"column":8},"skip":true}]},"19":{"line":275,"type":"switch","locations":[{"start":{"line":276,"column":20},"end":{"line":277,"column":64},"skip":true},{"start":{"line":278,"column":20},"end":{"line":279,"column":40},"skip":true},{"start":{"line":280,"column":20},"end":{"line":281,"column":40},"skip":true},{"start":{"line":282,"column":20},"end":{"line":283,"column":39},"skip":true}]},"20":{"line":288,"type":"if","locations":[{"start":{"line":288,"column":8},"end":{"line":288,"column":8},"skip":true},{"start":{"line":288,"column":8},"end":{"line":288,"column":8},"skip":true}]},"21":{"line":288,"type":"binary-expr","locations":[{"start":{"line":288,"column":12},"end":{"line":288,"column":40},"skip":true},{"start":{"line":288,"column":44},"end":{"line":288,"column":67},"skip":true}]},"22":{"line":292,"type":"binary-expr","locations":[{"start":{"line":292,"column":12},"end":{"line":292,"column":50},"skip":true},{"start":{"line":293,"column":12},"end":{"line":293,"column":53},"skip":true}]},"23":{"line":297,"type":"binary-expr","locations":[{"start":{"line":297,"column":12},"end":{"line":297,"column":67},"skip":true},{"start":{"line":298,"column":12},"end":{"line":301,"column":36},"skip":true}]},"24":{"line":303,"type":"binary-expr","locations":[{"start":{"line":303,"column":43},"end":{"line":303,"column":75},"skip":true},{"start":{"line":303,"column":79},"end":{"line":303,"column":81},"skip":true}]},"25":{"line":306,"type":"if","locations":[{"start":{"line":306,"column":8},"end":{"line":306,"column":8},"skip":true},{"start":{"line":306,"column":8},"end":{"line":306,"column":8},"skip":true}]},"26":{"line":310,"type":"if","locations":[{"start":{"line":310,"column":8},"end":{"line":310,"column":8},"skip":true},{"start":{"line":310,"column":8},"end":{"line":310,"column":8},"skip":true}]},"27":{"line":313,"type":"binary-expr","locations":[{"start":{"line":313,"column":27},"end":{"line":313,"column":43},"skip":true},{"start":{"line":313,"column":47},"end":{"line":313,"column":53},"skip":true}]},"28":{"line":317,"type":"if","locations":[{"start":{"line":317,"column":12},"end":{"line":317,"column":12},"skip":true},{"start":{"line":317,"column":12},"end":{"line":317,"column":12},"skip":true}]}},"code":["/*","example.js","","quickstart example","","instruction","    1. save this script as example.js","    2. run the shell command:","        $ npm install npmtest-globalize && PORT=8081 node example.js","    3. play with the browser-demo on http://127.0.0.1:8081","*/","","","","/* istanbul instrument in package npmtest_globalize */","/*jslint","    bitwise: true,","    browser: true,","    maxerr: 8,","    maxlen: 96,","    node: true,","    nomen: true,","    regexp: true,","    stupid: true","*/","(function () {","    'use strict';","    var local;","","","","    // run shared js-env code - pre-init","    (function () {","        // init local","        local = {};","        // init modeJs","        local.modeJs = (function () {","            try {","                return typeof navigator.userAgent === 'string' &&","                    typeof document.querySelector('body') === 'object' &&","                    typeof XMLHttpRequest.prototype.open === 'function' &&","                    'browser';","            } catch (errorCaughtBrowser) {","                return module.exports &&","                    typeof process.versions.node === 'string' &&","                    typeof require('http').createServer === 'function' &&","                    'node';","            }","        }());","        // init global","        local.global = local.modeJs === 'browser'","            ? window","            : global;","        // init utility2_rollup","        local = local.global.utility2_rollup || (local.modeJs === 'browser'","            ? local.global.utility2_npmtest_globalize","            : global.utility2_moduleExports);","        // export local","        local.global.local = local;","    }());","    switch (local.modeJs) {","","","","    // post-init","    // run browser js-env code - post-init","    /* istanbul ignore next */","    case 'browser':","        local.testRunBrowser = function (event) {","            if (!event || (event &&","                    event.currentTarget &&","                    event.currentTarget.className &&","                    event.currentTarget.className.includes &&","                    event.currentTarget.className.includes('onreset'))) {","                // reset output","                Array.from(","                    document.querySelectorAll('body > .resettable')","                ).forEach(function (element) {","                    switch (element.tagName) {","                    case 'INPUT':","                    case 'TEXTAREA':","                        element.value = '';","                        break;","                    default:","                        element.textContent = '';","                    }","                });","            }","            switch (event && event.currentTarget && event.currentTarget.id) {","            case 'testRunButton1':","                // show tests","                if (document.querySelector('#testReportDiv1').style.display === 'none') {","                    document.querySelector('#testReportDiv1').style.display = 'block';","                    document.querySelector('#testRunButton1').textContent =","                        'hide internal test';","                    local.modeTest = true;","                    local.testRunDefault(local);","                // hide tests","                } else {","                    document.querySelector('#testReportDiv1').style.display = 'none';","                    document.querySelector('#testRunButton1').textContent = 'run internal test';","                }","                break;","            // custom-case","            default:","                break;","            }","            if (document.querySelector('#inputTextareaEval1') && (!event || (event &&","                    event.currentTarget &&","                    event.currentTarget.className &&","                    event.currentTarget.className.includes &&","                    event.currentTarget.className.includes('oneval')))) {","                // try to eval input-code","                try {","                    /*jslint evil: true*/","                    eval(document.querySelector('#inputTextareaEval1').value);","                } catch (errorCaught) {","                    console.error(errorCaught);","                }","            }","        };","        // log stderr and stdout to #outputTextareaStdout1","        ['error', 'log'].forEach(function (key) {","            console[key + '_original'] = console[key];","            console[key] = function () {","                var element;","                console[key + '_original'].apply(console, arguments);","                element = document.querySelector('#outputTextareaStdout1');","                if (!element) {","                    return;","                }","                // append text to #outputTextareaStdout1","                element.value += Array.from(arguments).map(function (arg) {","                    return typeof arg === 'string'","                        ? arg","                        : JSON.stringify(arg, null, 4);","                }).join(' ') + '\\n';","                // scroll textarea to bottom","                element.scrollTop = element.scrollHeight;","            };","        });","        // init event-handling","        ['change', 'click', 'keyup'].forEach(function (event) {","            Array.from(document.querySelectorAll('.on' + event)).forEach(function (element) {","                element.addEventListener(event, local.testRunBrowser);","            });","        });","        // run tests","        local.testRunBrowser();","        break;","","","","    // run node js-env code - post-init","    /* istanbul ignore next */","    case 'node':","        // export local","        module.exports = local;","        // require modules","        local.fs = require('fs');","        local.http = require('http');","        local.url = require('url');","        // init assets","        local.assetsDict = local.assetsDict || {};","        /* jslint-ignore-begin */","        local.assetsDict['/assets.index.template.html'] = '\\","<!doctype html>\\n\\","<html lang=\"en\">\\n\\","<head>\\n\\","<meta charset=\"UTF-8\">\\n\\","<meta name=\"viewport\" content=\"width=device-width, initial-scale=1\">\\n\\","<title>{{env.npm_package_name}} (v{{env.npm_package_version}})</title>\\n\\","<style>\\n\\","/*csslint\\n\\","    box-sizing: false,\\n\\","    universal-selector: false\\n\\","*/\\n\\","* {\\n\\","    box-sizing: border-box;\\n\\","}\\n\\","body {\\n\\","    background: #dde;\\n\\","    font-family: Arial, Helvetica, sans-serif;\\n\\","    margin: 2rem;\\n\\","}\\n\\","body > * {\\n\\","    margin-bottom: 1rem;\\n\\","}\\n\\",".utility2FooterDiv {\\n\\","    margin-top: 20px;\\n\\","    text-align: center;\\n\\","}\\n\\","</style>\\n\\","<style>\\n\\","/*csslint\\n\\","*/\\n\\","textarea {\\n\\","    font-family: monospace;\\n\\","    height: 10rem;\\n\\","    width: 100%;\\n\\","}\\n\\","textarea[readonly] {\\n\\","    background: #ddd;\\n\\","}\\n\\","</style>\\n\\","</head>\\n\\","<body>\\n\\","<!-- utility2-comment\\n\\","<div id=\"ajaxProgressDiv1\" style=\"background: #d00; height: 2px; left: 0; margin: 0; padding: 0; position: fixed; top: 0; transition: background 0.5s, width 1.5s; width: 25%;\"></div>\\n\\","utility2-comment -->\\n\\","<h1>\\n\\","<!-- utility2-comment\\n\\","    <a\\n\\","        {{#if env.npm_package_homepage}}\\n\\","        href=\"{{env.npm_package_homepage}}\"\\n\\","        {{/if env.npm_package_homepage}}\\n\\","        target=\"_blank\"\\n\\","    >\\n\\","utility2-comment -->\\n\\","        {{env.npm_package_name}} (v{{env.npm_package_version}})\\n\\","<!-- utility2-comment\\n\\","    </a>\\n\\","utility2-comment -->\\n\\","</h1>\\n\\","<h3>{{env.npm_package_description}}</h3>\\n\\","<!-- utility2-comment\\n\\","<h4><a download href=\"assets.app.js\">download standalone app</a></h4>\\n\\","<button class=\"onclick onreset\" id=\"testRunButton1\">run internal test</button><br>\\n\\","<div id=\"testReportDiv1\" style=\"display: none;\"></div>\\n\\","utility2-comment -->\\n\\","\\n\\","\\n\\","\\n\\","<label>stderr and stdout</label>\\n\\","<textarea class=\"resettable\" id=\"outputTextareaStdout1\" readonly></textarea>\\n\\","<!-- utility2-comment\\n\\","{{#if isRollup}}\\n\\","<script src=\"assets.app.js\"></script>\\n\\","{{#unless isRollup}}\\n\\","utility2-comment -->\\n\\","<script src=\"assets.utility2.rollup.js\"></script>\\n\\","<script src=\"jsonp.utility2._stateInit?callback=window.utility2._stateInit\"></script>\\n\\","<script src=\"assets.npmtest_globalize.rollup.js\"></script>\\n\\","<script src=\"assets.example.js\"></script>\\n\\","<script src=\"assets.test.js\"></script>\\n\\","<!-- utility2-comment\\n\\","{{/if isRollup}}\\n\\","utility2-comment -->\\n\\","<div class=\"utility2FooterDiv\">\\n\\","    [ this app was created with\\n\\","    <a href=\"https://github.com/kaizhu256/node-utility2\" target=\"_blank\">utility2</a>\\n\\","    ]\\n\\","</div>\\n\\","</body>\\n\\","</html>\\n\\","';","        /* jslint-ignore-end */","        if (local.templateRender) {","            local.assetsDict['/'] = local.templateRender(","                local.assetsDict['/assets.index.template.html'],","                {","                    env: local.objectSetDefault(local.env, {","                        npm_package_description: 'the greatest app in the world!',","                        npm_package_name: 'my-app',","                        npm_package_nameAlias: 'my_app',","                        npm_package_version: '0.0.1'","                    })","                }","            );","        } else {","            local.assetsDict['/'] = local.assetsDict['/assets.index.template.html']","                .replace((/\\{\\{env\\.(\\w+?)\\}\\}/g), function (match0, match1) {","                    // jslint-hack","                    String(match0);","                    switch (match1) {","                    case 'npm_package_description':","                        return 'the greatest app in the world!';","                    case 'npm_package_name':","                        return 'my-app';","                    case 'npm_package_nameAlias':","                        return 'my_app';","                    case 'npm_package_version':","                        return '0.0.1';","                    }","                });","        }","        // run the cli","        if (local.global.utility2_rollup || module !== require.main) {","            break;","        }","        local.assetsDict['/assets.example.js'] =","            local.assetsDict['/assets.example.js'] ||","            local.fs.readFileSync(__filename, 'utf8');","        // bug-workaround - long $npm_package_buildCustomOrg","        /* jslint-ignore-begin */","        local.assetsDict['/assets.npmtest_globalize.rollup.js'] =","            local.assetsDict['/assets.npmtest_globalize.rollup.js'] ||","            local.fs.readFileSync(","                local.npmtest_globalize.__dirname + '/lib.npmtest_globalize.js',","                'utf8'","            ).replace((/^#!/), '//');","        /* jslint-ignore-end */","        local.assetsDict['/favicon.ico'] = local.assetsDict['/favicon.ico'] || '';","        // if $npm_config_timeout_exit exists,","        // then exit this process after $npm_config_timeout_exit ms","        if (Number(process.env.npm_config_timeout_exit)) {","            setTimeout(process.exit, Number(process.env.npm_config_timeout_exit));","        }","        // start server","        if (local.global.utility2_serverHttp1) {","            break;","        }","        process.env.PORT = process.env.PORT || '8081';","        console.error('server starting on port ' + process.env.PORT);","        local.http.createServer(function (request, response) {","            request.urlParsed = local.url.parse(request.url);","            if (local.assetsDict[request.urlParsed.pathname] !== undefined) {","                response.end(local.assetsDict[request.urlParsed.pathname]);","                return;","            }","            response.statusCode = 404;","            response.end();","        }).listen(process.env.PORT);","        break;","    }","}());",""],"l":{"26":2,"28":2,"33":2,"35":2,"37":2,"38":2,"39":2,"44":1,"51":2,"55":2,"59":2,"61":2,"69":1,"70":2,"76":2,"79":2,"82":2,"83":2,"85":1,"89":2,"92":1,"93":1,"94":1,"96":1,"97":1,"100":1,"101":1,"103":1,"106":1,"108":2,"114":1,"116":1,"118":1,"123":1,"124":2,"125":2,"126":3,"127":3,"128":3,"129":3,"130":1,"133":3,"134":3,"139":3,"143":1,"144":3,"145":1,"149":1,"150":1,"158":1,"160":1,"161":1,"162":1,"164":1,"166":1,"258":1,"259":1,"271":1,"274":6,"275":6,"277":1,"279":2,"281":1,"283":2,"288":1,"289":1,"291":1,"296":1,"303":1,"306":1,"307":1,"310":1,"311":1,"313":1,"314":1,"315":1,"316":1,"317":1,"318":1,"319":1,"321":1,"322":1,"324":1}},"/home/travis/build/npmtest/node-npmtest-globalize/node_modules/globalize/dist/node-main.js":{"path":"/home/travis/build/npmtest/node-npmtest-globalize/node_modules/globalize/dist/node-main.js","s":{"1":1,"2":1,"3":1,"4":1,"5":1,"6":1,"7":1,"8":1},"b":{},"f":{},"fnMap":{},"statementMap":{"1":{"start":{"line":14,"column":0},"end":{"line":14,"column":42}},"2":{"start":{"line":17,"column":0},"end":{"line":17,"column":33}},"3":{"start":{"line":18,"column":0},"end":{"line":18,"column":32}},"4":{"start":{"line":19,"column":0},"end":{"line":19,"column":32}},"5":{"start":{"line":22,"column":0},"end":{"line":22,"column":34}},"6":{"start":{"line":23,"column":0},"end":{"line":23,"column":30}},"7":{"start":{"line":26,"column":0},"end":{"line":26,"column":39}},"8":{"start":{"line":27,"column":0},"end":{"line":27,"column":30}}},"branchMap":{},"code":["/*!"," * Globalize v1.2.3"," *"," * http://github.com/jquery/globalize"," *"," * Copyright jQuery Foundation and other contributors"," * Released under the MIT license"," * http://jquery.org/license"," *"," * Date: 2017-03-17T01:41Z"," */","","// Core","module.exports = require( \"./globalize\" );","","// Extent core with the following modules","require( \"./globalize/message\" );","require( \"./globalize/number\" );","require( \"./globalize/plural\" );","","// Load after globalize/number","require( \"./globalize/currency\" );","require( \"./globalize/date\" );","","// Load after globalize/number and globalize/plural","require( \"./globalize/relative-time\" );","require( \"./globalize/unit\" );",""],"l":{"14":1,"17":1,"18":1,"19":1,"22":1,"23":1,"26":1,"27":1}},"/home/travis/build/npmtest/node-npmtest-globalize/node_modules/globalize/dist/globalize.js":{"path":"/home/travis/build/npmtest/node-npmtest-globalize/node_modules/globalize/dist/globalize.js","s":{"1":1,"2":1,"3":0,"4":1,"5":1,"6":0,"7":1,"8":0,"9":1,"10":0,"11":0,"12":0,"13":0,"14":1,"15":0,"16":0,"17":0,"18":0,"19":0,"20":0,"21":1,"22":0,"23":0,"24":0,"25":0,"26":0,"27":0,"28":1,"29":0,"30":0,"31":0,"32":0,"33":1,"34":0,"35":0,"36":0,"37":0,"38":1,"39":0,"40":0,"41":0,"42":0,"43":0,"44":1,"45":0,"46":0,"47":0,"48":0,"49":0,"50":0,"51":0,"52":0,"53":1,"54":0,"55":0,"56":1,"57":0,"58":1,"59":0,"60":0,"61":0,"62":0,"63":0,"64":1,"65":0,"66":1,"67":0,"68":1,"69":0,"70":1,"71":0,"72":1,"73":0,"74":1,"75":0,"76":1,"77":0,"78":1,"79":0,"80":1,"81":0,"82":1,"83":0,"84":0,"85":0,"86":0,"87":0,"88":0,"89":1,"90":0,"91":0,"92":1,"93":0,"94":0,"95":0,"96":0,"97":0,"98":0,"99":1,"100":0,"101":1,"102":0,"103":0,"104":0,"105":0,"106":0,"107":1,"108":1,"109":1,"110":1,"111":1,"112":1,"113":1,"114":1,"115":1,"116":1,"117":1,"118":1,"119":1,"120":1,"121":1,"122":1},"b":{"1":[0,1],"2":[1,0],"3":[1,0],"4":[0,0],"5":[0,0],"6":[0,0],"7":[0,0],"8":[0,0],"9":[0,0],"10":[0,0],"11":[0,0],"12":[0,0],"13":[0,0],"14":[0,0],"15":[0,0],"16":[0,0],"17":[0,0],"18":[0,0,0],"19":[0,0,0],"20":[0,0],"21":[0,0],"22":[0,0],"23":[0,0],"24":[0,0],"25":[0,0],"26":[0,0]},"f":{"1":1,"2":1,"3":0,"4":0,"5":0,"6":0,"7":0,"8":0,"9":0,"10":0,"11":0,"12":0,"13":0,"14":0,"15":0,"16":0,"17":0,"18":0,"19":0,"20":0,"21":0,"22":0,"23":0,"24":0,"25":0,"26":0,"27":0,"28":0,"29":0,"30":0,"31":0,"32":0},"fnMap":{"1":{"name":"(anonymous_1)","line":16,"loc":{"start":{"line":16,"column":1},"end":{"line":16,"column":27}}},"2":{"name":"(anonymous_2)","line":35,"loc":{"start":{"line":35,"column":9},"end":{"line":35,"column":26}}},"3":{"name":"(anonymous_3)","line":44,"loc":{"start":{"line":44,"column":15},"end":{"line":44,"column":36}}},"4":{"name":"(anonymous_4)","line":70,"loc":{"start":{"line":70,"column":20},"end":{"line":70,"column":46}}},"5":{"name":"(anonymous_5)","line":73,"loc":{"start":{"line":73,"column":51},"end":{"line":73,"column":68}}},"6":{"name":"(anonymous_6)","line":84,"loc":{"start":{"line":84,"column":19},"end":{"line":84,"column":30}}},"7":{"name":"(anonymous_7)","line":88,"loc":{"start":{"line":88,"column":17},"end":{"line":88,"column":36}}},"8":{"name":"(anonymous_8)","line":101,"loc":{"start":{"line":101,"column":18},"end":{"line":101,"column":56}}},"9":{"name":"(anonymous_9)","line":117,"loc":{"start":{"line":117,"column":17},"end":{"line":117,"column":33}}},"10":{"name":"(anonymous_10)","line":118,"loc":{"start":{"line":118,"column":29},"end":{"line":118,"column":49}}},"11":{"name":"(anonymous_11)","line":128,"loc":{"start":{"line":128,"column":17},"end":{"line":128,"column":59}}},"12":{"name":"(anonymous_12)","line":138,"loc":{"start":{"line":138,"column":19},"end":{"line":138,"column":34}}},"13":{"name":"(anonymous_13)","line":154,"loc":{"start":{"line":154,"column":18},"end":{"line":154,"column":58}}},"14":{"name":"(anonymous_14)","line":168,"loc":{"start":{"line":168,"column":22},"end":{"line":168,"column":33}}},"15":{"name":"(anonymous_15)","line":180,"loc":{"start":{"line":180,"column":15},"end":{"line":180,"column":60}}},"16":{"name":"(anonymous_16)","line":189,"loc":{"start":{"line":189,"column":18},"end":{"line":189,"column":44}}},"17":{"name":"(anonymous_17)","line":196,"loc":{"start":{"line":196,"column":19},"end":{"line":196,"column":52}}},"18":{"name":"(anonymous_18)","line":200,"loc":{"start":{"line":200,"column":48},"end":{"line":200,"column":67}}},"19":{"name":"(anonymous_19)","line":212,"loc":{"start":{"line":212,"column":28},"end":{"line":212,"column":46}}},"20":{"name":"(anonymous_20)","line":220,"loc":{"start":{"line":220,"column":32},"end":{"line":220,"column":56}}},"21":{"name":"(anonymous_21)","line":239,"loc":{"start":{"line":239,"column":29},"end":{"line":239,"column":71}}},"22":{"name":"(anonymous_22)","line":256,"loc":{"start":{"line":256,"column":28},"end":{"line":256,"column":69}}},"23":{"name":"(anonymous_23)","line":272,"loc":{"start":{"line":272,"column":34},"end":{"line":272,"column":58}}},"24":{"name":"(anonymous_24)","line":287,"loc":{"start":{"line":287,"column":20},"end":{"line":287,"column":36}}},"25":{"name":"(anonymous_25)","line":294,"loc":{"start":{"line":294,"column":39},"end":{"line":294,"column":63}}},"26":{"name":"(anonymous_26)","line":306,"loc":{"start":{"line":306,"column":17},"end":{"line":306,"column":42}}},"27":{"name":"(anonymous_27)","line":314,"loc":{"start":{"line":314,"column":19},"end":{"line":314,"column":38}}},"28":{"name":"(anonymous_28)","line":321,"loc":{"start":{"line":321,"column":16},"end":{"line":321,"column":46}}},"29":{"name":"validateLikelySubtags","line":335,"loc":{"start":{"line":335,"column":0},"end":{"line":335,"column":39}}},"30":{"name":"Globalize","line":349,"loc":{"start":{"line":349,"column":0},"end":{"line":349,"column":29}}},"31":{"name":"(anonymous_31)","line":370,"loc":{"start":{"line":370,"column":17},"end":{"line":370,"column":28}}},"32":{"name":"(anonymous_32)","line":387,"loc":{"start":{"line":387,"column":19},"end":{"line":387,"column":38}}}},"statementMap":{"1":{"start":{"line":16,"column":0},"end":{"line":421,"column":4}},"2":{"start":{"line":19,"column":1},"end":{"line":34,"column":2}},"3":{"start":{"line":22,"column":2},"end":{"line":25,"column":15}},"4":{"start":{"line":26,"column":8},"end":{"line":34,"column":2}},"5":{"start":{"line":29,"column":2},"end":{"line":29,"column":50}},"6":{"start":{"line":33,"column":2},"end":{"line":33,"column":40}},"7":{"start":{"line":44,"column":0},"end":{"line":47,"column":2}},"8":{"start":{"line":45,"column":1},"end":{"line":46,"column":42}},"9":{"start":{"line":70,"column":0},"end":{"line":79,"column":2}},"10":{"start":{"line":73,"column":1},"end":{"line":76,"column":4}},"11":{"start":{"line":74,"column":2},"end":{"line":74,"column":45}},"12":{"start":{"line":75,"column":2},"end":{"line":75,"column":34}},"13":{"start":{"line":78,"column":1},"end":{"line":78,"column":16}},"14":{"start":{"line":84,"column":0},"end":{"line":96,"column":2}},"15":{"start":{"line":85,"column":1},"end":{"line":86,"column":42}},"16":{"start":{"line":88,"column":1},"end":{"line":93,"column":4}},"17":{"start":{"line":89,"column":2},"end":{"line":89,"column":11}},"18":{"start":{"line":90,"column":2},"end":{"line":92,"column":3}},"19":{"start":{"line":91,"column":3},"end":{"line":91,"column":40}},"20":{"start":{"line":95,"column":1},"end":{"line":95,"column":20}},"21":{"start":{"line":101,"column":0},"end":{"line":111,"column":2}},"22":{"start":{"line":102,"column":1},"end":{"line":102,"column":11}},"23":{"start":{"line":104,"column":1},"end":{"line":104,"column":81}},"24":{"start":{"line":105,"column":1},"end":{"line":105,"column":30}},"25":{"start":{"line":106,"column":1},"end":{"line":106,"column":19}},"26":{"start":{"line":108,"column":1},"end":{"line":108,"column":35}},"27":{"start":{"line":110,"column":1},"end":{"line":110,"column":14}},"28":{"start":{"line":117,"column":0},"end":{"line":123,"column":2}},"29":{"start":{"line":118,"column":1},"end":{"line":122,"column":8}},"30":{"start":{"line":119,"column":2},"end":{"line":119,"column":30}},"31":{"start":{"line":120,"column":2},"end":{"line":120,"column":40}},"32":{"start":{"line":121,"column":2},"end":{"line":121,"column":18}},"33":{"start":{"line":128,"column":0},"end":{"line":133,"column":2}},"34":{"start":{"line":129,"column":1},"end":{"line":129,"column":10}},"35":{"start":{"line":130,"column":1},"end":{"line":130,"column":45}},"36":{"start":{"line":131,"column":1},"end":{"line":131,"column":48}},"37":{"start":{"line":132,"column":1},"end":{"line":132,"column":55}},"38":{"start":{"line":138,"column":0},"end":{"line":149,"column":2}},"39":{"start":{"line":139,"column":1},"end":{"line":141,"column":2}},"40":{"start":{"line":140,"column":2},"end":{"line":140,"column":17}},"41":{"start":{"line":144,"column":1},"end":{"line":144,"column":66}},"42":{"start":{"line":146,"column":1},"end":{"line":148,"column":2}},"43":{"start":{"line":147,"column":2},"end":{"line":147,"column":22}},"44":{"start":{"line":154,"column":0},"end":{"line":175,"column":2}},"45":{"start":{"line":156,"column":1},"end":{"line":158,"column":23}},"46":{"start":{"line":162,"column":1},"end":{"line":164,"column":2}},"47":{"start":{"line":163,"column":2},"end":{"line":163,"column":12}},"48":{"start":{"line":166,"column":1},"end":{"line":166,"column":61}},"49":{"start":{"line":168,"column":1},"end":{"line":170,"column":3}},"50":{"start":{"line":169,"column":2},"end":{"line":169,"column":88}},"51":{"start":{"line":172,"column":1},"end":{"line":172,"column":30}},"52":{"start":{"line":174,"column":1},"end":{"line":174,"column":11}},"53":{"start":{"line":180,"column":0},"end":{"line":184,"column":2}},"54":{"start":{"line":181,"column":1},"end":{"line":183,"column":2}},"55":{"start":{"line":182,"column":2},"end":{"line":182,"column":49}},"56":{"start":{"line":189,"column":0},"end":{"line":191,"column":2}},"57":{"start":{"line":190,"column":1},"end":{"line":190,"column":96}},"58":{"start":{"line":196,"column":0},"end":{"line":207,"column":2}},"59":{"start":{"line":197,"column":1},"end":{"line":197,"column":17}},"60":{"start":{"line":198,"column":1},"end":{"line":198,"column":25}},"61":{"start":{"line":200,"column":1},"end":{"line":202,"column":4}},"62":{"start":{"line":201,"column":2},"end":{"line":201,"column":29}},"63":{"start":{"line":204,"column":1},"end":{"line":206,"column":4}},"64":{"start":{"line":212,"column":0},"end":{"line":215,"column":2}},"65":{"start":{"line":213,"column":1},"end":{"line":214,"column":28}},"66":{"start":{"line":220,"column":0},"end":{"line":223,"column":2}},"67":{"start":{"line":221,"column":1},"end":{"line":222,"column":39}},"68":{"start":{"line":239,"column":0},"end":{"line":251,"column":2}},"69":{"start":{"line":240,"column":1},"end":{"line":250,"column":3}},"70":{"start":{"line":256,"column":0},"end":{"line":267,"column":2}},"71":{"start":{"line":257,"column":1},"end":{"line":266,"column":3}},"72":{"start":{"line":272,"column":0},"end":{"line":279,"column":2}},"73":{"start":{"line":273,"column":1},"end":{"line":278,"column":3}},"74":{"start":{"line":287,"column":0},"end":{"line":289,"column":2}},"75":{"start":{"line":288,"column":1},"end":{"line":288,"column":55}},"76":{"start":{"line":294,"column":0},"end":{"line":301,"column":2}},"77":{"start":{"line":295,"column":1},"end":{"line":300,"column":3}},"78":{"start":{"line":306,"column":0},"end":{"line":308,"column":2}},"79":{"start":{"line":307,"column":1},"end":{"line":307,"column":79}},"80":{"start":{"line":314,"column":0},"end":{"line":316,"column":2}},"81":{"start":{"line":315,"column":1},"end":{"line":315,"column":64}},"82":{"start":{"line":321,"column":0},"end":{"line":330,"column":2}},"83":{"start":{"line":322,"column":1},"end":{"line":322,"column":12}},"84":{"start":{"line":323,"column":1},"end":{"line":325,"column":2}},"85":{"start":{"line":324,"column":2},"end":{"line":324,"column":22}},"86":{"start":{"line":326,"column":1},"end":{"line":328,"column":2}},"87":{"start":{"line":327,"column":2},"end":{"line":327,"column":50}},"88":{"start":{"line":329,"column":1},"end":{"line":329,"column":12}},"89":{"start":{"line":335,"column":0},"end":{"line":338,"column":1}},"90":{"start":{"line":336,"column":1},"end":{"line":336,"column":34}},"91":{"start":{"line":337,"column":1},"end":{"line":337,"column":42}},"92":{"start":{"line":349,"column":0},"end":{"line":360,"column":1}},"93":{"start":{"line":350,"column":1},"end":{"line":352,"column":2}},"94":{"start":{"line":351,"column":2},"end":{"line":351,"column":33}},"95":{"start":{"line":354,"column":1},"end":{"line":354,"column":47}},"96":{"start":{"line":355,"column":1},"end":{"line":355,"column":49}},"97":{"start":{"line":357,"column":1},"end":{"line":357,"column":34}},"98":{"start":{"line":359,"column":1},"end":{"line":359,"column":36}},"99":{"start":{"line":370,"column":0},"end":{"line":374,"column":2}},"100":{"start":{"line":373,"column":1},"end":{"line":373,"column":36}},"101":{"start":{"line":387,"column":0},"end":{"line":395,"column":2}},"102":{"start":{"line":388,"column":1},"end":{"line":388,"column":49}},"103":{"start":{"line":390,"column":1},"end":{"line":393,"column":2}},"104":{"start":{"line":391,"column":2},"end":{"line":391,"column":35}},"105":{"start":{"line":392,"column":2},"end":{"line":392,"column":37}},"106":{"start":{"line":394,"column":1},"end":{"line":394,"column":18}},"107":{"start":{"line":400,"column":0},"end":{"line":400,"column":37}},"108":{"start":{"line":401,"column":0},"end":{"line":401,"column":37}},"109":{"start":{"line":402,"column":0},"end":{"line":402,"column":41}},"110":{"start":{"line":403,"column":0},"end":{"line":403,"column":41}},"111":{"start":{"line":404,"column":0},"end":{"line":404,"column":39}},"112":{"start":{"line":405,"column":0},"end":{"line":405,"column":39}},"113":{"start":{"line":406,"column":0},"end":{"line":406,"column":37}},"114":{"start":{"line":407,"column":0},"end":{"line":407,"column":33}},"115":{"start":{"line":408,"column":0},"end":{"line":408,"column":31}},"116":{"start":{"line":409,"column":0},"end":{"line":409,"column":39}},"117":{"start":{"line":410,"column":0},"end":{"line":410,"column":57}},"118":{"start":{"line":411,"column":0},"end":{"line":411,"column":65}},"119":{"start":{"line":412,"column":0},"end":{"line":412,"column":59}},"120":{"start":{"line":413,"column":0},"end":{"line":413,"column":79}},"121":{"start":{"line":414,"column":0},"end":{"line":414,"column":57}},"122":{"start":{"line":416,"column":0},"end":{"line":416,"column":17}}},"branchMap":{"1":{"line":19,"type":"if","locations":[{"start":{"line":19,"column":1},"end":{"line":19,"column":1}},{"start":{"line":19,"column":1},"end":{"line":19,"column":1}}]},"2":{"line":19,"type":"binary-expr","locations":[{"start":{"line":19,"column":6},"end":{"line":19,"column":34}},{"start":{"line":19,"column":38},"end":{"line":19,"column":48}}]},"3":{"line":26,"type":"if","locations":[{"start":{"line":26,"column":8},"end":{"line":26,"column":8}},{"start":{"line":26,"column":8},"end":{"line":26,"column":8}}]},"4":{"line":45,"type":"cond-expr","locations":[{"start":{"line":45,"column":39},"end":{"line":45,"column":47}},{"start":{"line":45,"column":52},"end":{"line":46,"column":39}}]},"5":{"line":45,"type":"cond-expr","locations":[{"start":{"line":45,"column":83},"end":{"line":46,"column":10}},{"start":{"line":46,"column":13},"end":{"line":46,"column":39}}]},"6":{"line":104,"type":"cond-expr","locations":[{"start":{"line":104,"column":30},"end":{"line":104,"column":73}},{"start":{"line":104,"column":76},"end":{"line":104,"column":78}}]},"7":{"line":130,"type":"binary-expr","locations":[{"start":{"line":130,"column":11},"end":{"line":130,"column":18}},{"start":{"line":130,"column":22},"end":{"line":130,"column":44}}]},"8":{"line":132,"type":"cond-expr","locations":[{"start":{"line":132,"column":19},"end":{"line":132,"column":29}},{"start":{"line":132,"column":32},"end":{"line":132,"column":54}}]},"9":{"line":139,"type":"if","locations":[{"start":{"line":139,"column":1},"end":{"line":139,"column":1}},{"start":{"line":139,"column":1},"end":{"line":139,"column":1}}]},"10":{"line":146,"type":"if","locations":[{"start":{"line":146,"column":1},"end":{"line":146,"column":1}},{"start":{"line":146,"column":1},"end":{"line":146,"column":1}}]},"11":{"line":146,"type":"binary-expr","locations":[{"start":{"line":146,"column":6},"end":{"line":146,"column":13}},{"start":{"line":146,"column":17},"end":{"line":146,"column":35}}]},"12":{"line":162,"type":"if","locations":[{"start":{"line":162,"column":1},"end":{"line":162,"column":1}},{"start":{"line":162,"column":1},"end":{"line":162,"column":1}}]},"13":{"line":181,"type":"if","locations":[{"start":{"line":181,"column":1},"end":{"line":181,"column":1}},{"start":{"line":181,"column":1},"end":{"line":181,"column":1}}]},"14":{"line":190,"type":"cond-expr","locations":[{"start":{"line":190,"column":41},"end":{"line":190,"column":54}},{"start":{"line":190,"column":57},"end":{"line":190,"column":95}}]},"15":{"line":190,"type":"cond-expr","locations":[{"start":{"line":190,"column":73},"end":{"line":190,"column":90}},{"start":{"line":190,"column":93},"end":{"line":190,"column":95}}]},"16":{"line":198,"type":"binary-expr","locations":[{"start":{"line":198,"column":11},"end":{"line":198,"column":18}},{"start":{"line":198,"column":22},"end":{"line":198,"column":24}}]},"17":{"line":204,"type":"binary-expr","locations":[{"start":{"line":204,"column":72},"end":{"line":204,"column":77}},{"start":{"line":204,"column":81},"end":{"line":204,"column":92}}]},"18":{"line":243,"type":"binary-expr","locations":[{"start":{"line":243,"column":2},"end":{"line":243,"column":21}},{"start":{"line":243,"column":25},"end":{"line":243,"column":41}},{"start":{"line":243,"column":45},"end":{"line":243,"column":61}}]},"19":{"line":276,"type":"binary-expr","locations":[{"start":{"line":276,"column":2},"end":{"line":276,"column":21}},{"start":{"line":276,"column":25},"end":{"line":276,"column":50}},{"start":{"line":276,"column":54},"end":{"line":276,"column":75}}]},"20":{"line":288,"type":"binary-expr","locations":[{"start":{"line":288,"column":8},"end":{"line":288,"column":20}},{"start":{"line":288,"column":24},"end":{"line":288,"column":54}}]},"21":{"line":298,"type":"binary-expr","locations":[{"start":{"line":298,"column":2},"end":{"line":298,"column":21}},{"start":{"line":298,"column":25},"end":{"line":298,"column":47}}]},"22":{"line":307,"type":"cond-expr","locations":[{"start":{"line":307,"column":39},"end":{"line":307,"column":51}},{"start":{"line":307,"column":54},"end":{"line":307,"column":78}}]},"23":{"line":323,"type":"if","locations":[{"start":{"line":323,"column":1},"end":{"line":323,"column":1}},{"start":{"line":323,"column":1},"end":{"line":323,"column":1}}]},"24":{"line":327,"type":"cond-expr","locations":[{"start":{"line":327,"column":20},"end":{"line":327,"column":29}},{"start":{"line":327,"column":36},"end":{"line":327,"column":45}}]},"25":{"line":350,"type":"if","locations":[{"start":{"line":350,"column":1},"end":{"line":350,"column":1}},{"start":{"line":350,"column":1},"end":{"line":350,"column":1}}]},"26":{"line":390,"type":"if","locations":[{"start":{"line":390,"column":1},"end":{"line":390,"column":1}},{"start":{"line":390,"column":1},"end":{"line":390,"column":1}}]}},"code":["/**"," * Globalize v1.2.3"," *"," * http://github.com/jquery/globalize"," *"," * Copyright jQuery Foundation and other contributors"," * Released under the MIT license"," * http://jquery.org/license"," *"," * Date: 2017-03-17T01:41Z"," */","/*!"," * Globalize v1.2.3 2017-03-17T01:41Z Released under the MIT license"," * http://git.io/TrdQbw"," */","(function( root, factory ) {","","\t// UMD returnExports","\tif ( typeof define === \"function\" && define.amd ) {","","\t\t// AMD","\t\tdefine([","\t\t\t\"cldr\",","\t\t\t\"cldr/event\"","\t\t], factory );","\t} else if ( typeof exports === \"object\" ) {","","\t\t// Node, CommonJS","\t\tmodule.exports = factory( require( \"cldrjs\" ) );","\t} else {","","\t\t// Global","\t\troot.Globalize = factory( root.Cldr );","\t}","}( this, function( Cldr ) {","","","/**"," * A toString method that outputs meaningful values for objects or arrays and"," * still performs as fast as a plain string in case variable is string, or as"," * fast as `\"\" + number` in case variable is a number."," * Ref: http://jsperf.com/my-stringify"," */","var toString = function( variable ) {","\treturn typeof variable === \"string\" ? variable : ( typeof variable === \"number\" ? \"\" +","\t\tvariable : JSON.stringify( variable ) );","};","","","","","/**"," * formatMessage( message, data )"," *"," * @message [String] A message with optional {vars} to be replaced."," *"," * @data [Array or JSON] Object with replacing-variables content."," *"," * Return the formatted message. For example:"," *"," * - formatMessage( \"{0} second\", [ 1 ] ); // 1 second"," *"," * - formatMessage( \"{0}/{1}\", [\"m\", \"s\"] ); // m/s"," *"," * - formatMessage( \"{name} <{email}>\", {"," *     name: \"Foo\","," *     email: \"bar@baz.qux\""," *   }); // Foo <bar@baz.qux>"," */","var formatMessage = function( message, data ) {","","\t// Replace {attribute}'s","\tmessage = message.replace( /{[0-9a-zA-Z-_. ]+}/g, function( name ) {","\t\tname = name.replace( /^{([^}]*)}$/, \"$1\" );","\t\treturn toString( data[ name ] );","\t});","","\treturn message;","};","","","","","var objectExtend = function() {","\tvar destination = arguments[ 0 ],","\t\tsources = [].slice.call( arguments, 1 );","","\tsources.forEach(function( source ) {","\t\tvar prop;","\t\tfor ( prop in source ) {","\t\t\tdestination[ prop ] = source[ prop ];","\t\t}","\t});","","\treturn destination;","};","","","","","var createError = function( code, message, attributes ) {","\tvar error;","","\tmessage = code + ( message ? \": \" + formatMessage( message, attributes ) : \"\" );","\terror = new Error( message );","\terror.code = code;","","\tobjectExtend( error, attributes );","","\treturn error;","};","","","","","// Based on http://stackoverflow.com/questions/7616461/generate-a-hash-from-string-in-javascript-jquery","var stringHash = function( str ) {","\treturn [].reduce.call( str, function( hash, i ) {","\t\tvar chr = i.charCodeAt( 0 );","\t\thash = ( ( hash << 5 ) - hash ) + chr;","\t\treturn hash | 0;","\t}, 0 );","};","","","","","var runtimeKey = function( fnName, locale, args, argsStr ) {","\tvar hash;","\targsStr = argsStr || JSON.stringify( args );","\thash = stringHash( fnName + locale + argsStr );","\treturn hash > 0 ? \"a\" + hash : \"b\" + Math.abs( hash );","};","","","","","var functionName = function( fn ) {","\tif ( fn.name !== undefined ) {","\t\treturn fn.name;","\t}","","\t// fn.name is not supported by IE.","\tvar matches = /^function\\s+([\\w\\$]+)\\s*\\(/.exec( fn.toString() );","","\tif ( matches && matches.length > 0 ) {","\t\treturn matches[ 1 ];","\t}","};","","","","","var runtimeBind = function( args, cldr, fn, runtimeArgs ) {","","\tvar argsStr = JSON.stringify( args ),","\t\tfnName = functionName( fn ),","\t\tlocale = cldr.locale;","","\t// If name of the function is not available, this is most likely due uglification,","\t// which most likely means we are in production, and runtimeBind here is not necessary.","\tif ( !fnName ) {","\t\treturn fn;","\t}","","\tfn.runtimeKey = runtimeKey( fnName, locale, null, argsStr );","","\tfn.generatorString = function() {","\t\treturn \"Globalize(\\\"\" + locale + \"\\\").\" + fnName + \"(\" + argsStr.slice( 1, -1 ) + \")\";","\t};","","\tfn.runtimeArgs = runtimeArgs;","","\treturn fn;","};","","","","","var validate = function( code, message, check, attributes ) {","\tif ( !check ) {","\t\tthrow createError( code, message, attributes );","\t}","};","","","","","var alwaysArray = function( stringOrArray ) {","\treturn Array.isArray( stringOrArray ) ? stringOrArray : stringOrArray ? [ stringOrArray ] : [];","};","","","","","var validateCldr = function( path, value, options ) {","\tvar skipBoolean;","\toptions = options || {};","","\tskipBoolean = alwaysArray( options.skip ).some(function( pathRe ) {","\t\treturn pathRe.test( path );","\t});","","\tvalidate( \"E_MISSING_CLDR\", \"Missing required CLDR content `{path}`.\", value || skipBoolean, {","\t\tpath: path","\t});","};","","","","","var validateDefaultLocale = function( value ) {","\tvalidate( \"E_DEFAULT_LOCALE_NOT_DEFINED\", \"Default locale has not been defined.\",","\t\tvalue !== undefined, {} );","};","","","","","var validateParameterPresence = function( value, name ) {","\tvalidate( \"E_MISSING_PARAMETER\", \"Missing required parameter `{name}`.\",","\t\tvalue !== undefined, { name: name });","};","","","","","/**"," * range( value, name, minimum, maximum )"," *"," * @value [Number]."," *"," * @name [String] name of variable."," *"," * @minimum [Number]. The lowest valid value, inclusive."," *"," * @maximum [Number]. The greatest valid value, inclusive."," */","var validateParameterRange = function( value, name, minimum, maximum ) {","\tvalidate(","\t\t\"E_PAR_OUT_OF_RANGE\",","\t\t\"Parameter `{name}` has value `{value}` out of range [{minimum}, {maximum}].\",","\t\tvalue === undefined || value >= minimum && value <= maximum,","\t\t{","\t\t\tmaximum: maximum,","\t\t\tminimum: minimum,","\t\t\tname: name,","\t\t\tvalue: value","\t\t}","\t);","};","","","","","var validateParameterType = function( value, name, check, expected ) {","\tvalidate(","\t\t\"E_INVALID_PAR_TYPE\",","\t\t\"Invalid `{name}` parameter ({value}). {expected} expected.\",","\t\tcheck,","\t\t{","\t\t\texpected: expected,","\t\t\tname: name,","\t\t\tvalue: value","\t\t}","\t);","};","","","","","var validateParameterTypeLocale = function( value, name ) {","\tvalidateParameterType(","\t\tvalue,","\t\tname,","\t\tvalue === undefined || typeof value === \"string\" || value instanceof Cldr,","\t\t\"String or Cldr instance\"","\t);","};","","","","","/**"," * Function inspired by jQuery Core, but reduced to our use case."," */","var isPlainObject = function( obj ) {","\treturn obj !== null && \"\" + obj === \"[object Object]\";","};","","","","","var validateParameterTypePlainObject = function( value, name ) {","\tvalidateParameterType(","\t\tvalue,","\t\tname,","\t\tvalue === undefined || isPlainObject( value ),","\t\t\"Plain Object\"","\t);","};","","","","","var alwaysCldr = function( localeOrCldr ) {","\treturn localeOrCldr instanceof Cldr ? localeOrCldr : new Cldr( localeOrCldr );","};","","","","","// ref: https://developer.mozilla.org/en-US/docs/Web/JavaScript/Guide/Regular_Expressions?redirectlocale=en-US&redirectslug=JavaScript%2FGuide%2FRegular_Expressions","var regexpEscape = function( string ) {","\treturn string.replace( /([.*+?^=!:${}()|\\[\\]\\/\\\\])/g, \"\\\\$1\" );","};","","","","","var stringPad = function( str, count, right ) {","\tvar length;","\tif ( typeof str !== \"string\" ) {","\t\tstr = String( str );","\t}","\tfor ( length = str.length; length < count; length += 1 ) {","\t\tstr = ( right ? ( str + \"0\" ) : ( \"0\" + str ) );","\t}","\treturn str;","};","","","","","function validateLikelySubtags( cldr ) {","\tcldr.once( \"get\", validateCldr );","\tcldr.get( \"supplemental/likelySubtags\" );","}","","/**"," * [new] Globalize( locale|cldr )"," *"," * @locale [String]"," *"," * @cldr [Cldr instance]"," *"," * Create a Globalize instance."," */","function Globalize( locale ) {","\tif ( !( this instanceof Globalize ) ) {","\t\treturn new Globalize( locale );","\t}","","\tvalidateParameterPresence( locale, \"locale\" );","\tvalidateParameterTypeLocale( locale, \"locale\" );","","\tthis.cldr = alwaysCldr( locale );","","\tvalidateLikelySubtags( this.cldr );","}","","/**"," * Globalize.load( json, ... )"," *"," * @json [JSON]"," *"," * Load resolved or unresolved cldr data."," * Somewhat equivalent to previous Globalize.addCultureInfo(...)."," */","Globalize.load = function() {","","\t// validations are delegated to Cldr.load().","\tCldr.load.apply( Cldr, arguments );","};","","/**"," * Globalize.locale( [locale|cldr] )"," *"," * @locale [String]"," *"," * @cldr [Cldr instance]"," *"," * Set default Cldr instance if locale or cldr argument is passed."," *"," * Return the default Cldr instance."," */","Globalize.locale = function( locale ) {","\tvalidateParameterTypeLocale( locale, \"locale\" );","","\tif ( arguments.length ) {","\t\tthis.cldr = alwaysCldr( locale );","\t\tvalidateLikelySubtags( this.cldr );","\t}","\treturn this.cldr;","};","","/**"," * Optimization to avoid duplicating some internal functions across modules."," */","Globalize._alwaysArray = alwaysArray;","Globalize._createError = createError;","Globalize._formatMessage = formatMessage;","Globalize._isPlainObject = isPlainObject;","Globalize._objectExtend = objectExtend;","Globalize._regexpEscape = regexpEscape;","Globalize._runtimeBind = runtimeBind;","Globalize._stringPad = stringPad;","Globalize._validate = validate;","Globalize._validateCldr = validateCldr;","Globalize._validateDefaultLocale = validateDefaultLocale;","Globalize._validateParameterPresence = validateParameterPresence;","Globalize._validateParameterRange = validateParame
[...]
s.cldr;","\toptions = options || {};","","\targs = [ unit, options ];","","\tvalidateDefaultLocale( cldr );","","\tcldr.on( \"get\", validateCldr );","\tproperties = relativeTimeProperties( unit, cldr, options );","\tcldr.off( \"get\", validateCldr );","","\tnumberFormatter = this.numberFormatter( options );","\tpluralGenerator = this.pluralGenerator();","","\treturnFn = relativeTimeFormatterFn( numberFormatter, pluralGenerator, properties );","","\truntimeBind( args, cldr, returnFn, [ numberFormatter, pluralGenerator, properties ] );","","\treturn returnFn;","};","","return Globalize;","","","","","}));",""],"l":{"16":1,"19":1,"22":0,"30":1,"33":1,"37":0,"41":1,"63":1,"65":0,"68":0,"69":0,"72":0,"75":0,"77":0,"78":0,"84":1,"85":0,"86":0,"87":0,"89":0,"109":1,"111":0,"114":0,"115":0,"118":0,"119":0,"123":0,"124":0,"125":0,"126":0,"127":0,"132":0,"149":1,"151":0,"152":0,"154":0,"168":1,"170":0,"172":0,"173":0,"175":0,"176":0,"178":0,"180":0,"182":0,"183":0,"184":0,"186":0,"187":0,"189":0,"191":0,"193":0,"196":1}},"/home/travis/build/npmtest/node-npmtest-globalize/node_modules/globalize/dist/globalize/unit.js":{"path":"/home/travis/build/npmtest/node-npmtest-globalize/node_modules/globalize/dist/globalize/unit.js","s":{"1":1,"2":1,"3":0,"4":1,"5":1,"6":0,"7":1,"8":1,"9":0,"10":0,"11":0,"12":0,"13":0,"14":0,"15":0,"16":0,"17":0,"18":0,"19":0,"20":0,"21":1,"22":0,"23":0,"24":0,"25":0,"26":1,"27":1,"28":0,"29":0,"30":0,"31":0,"32":0,"33":0,"34":1,"35":0,"36":0,"37":0,"38":0,"39":0,"40":0,"41":0,"42":0,"43":0,"44":0,"45":0,"46":0,"47":1,"48":1,"49":0,"50":0,"51":0,"52":0,"53":1,"54":0,"55":0,"56":0,"57":1,"58":0,"59":0,"60":0,"61":0,"62":0,"63":0,"64":0,"65":0,"66":0,"67":0,"68":0,"69":0,"70":0,"71":1},"b":{"1":[0,1],"2":[1,0],"3":[1,0],"4":[0,0],"5":[0,0],"6":[0,0],"7":[0,0],"8":[0,0],"9":[0,0],"10":[0,0],"11":[0,0],"12":[0,0],"13":[0,0]},"f":{"1":1,"2":1,"3":0,"4":0,"5":0,"6":0,"7":0,"8":0,"9":0,"10":0,"11":0,"12":0},"fnMap":{"1":{"name":"(anonymous_1)","line":16,"loc":{"start":{"line":16,"column":1},"end":{"line":16,"column":27}}},"2":{"name":"(anonymous_2)","line":37,"loc":{"start":{"line":37,"column":8},"end":{"line":37,"column":36}}},"3":{"name":"(anonymous_3)","line":68,"loc":{"start":{"line":68,"column":17},"end":{"line":68,"column":85}}},"4":{"name":"(anonymous_4)","line":95,"loc":{"start":{"line":95,"column":22},"end":{"line":95,"column":83}}},"5":{"name":"unitFormatter","line":96,"loc":{"start":{"line":96,"column":8},"end":{"line":96,"column":40}}},"6":{"name":"stripPluralGarbage","line":119,"loc":{"start":{"line":119,"column":0},"end":{"line":119,"column":36}}},"7":{"name":"(anonymous_7)","line":171,"loc":{"start":{"line":171,"column":10},"end":{"line":171,"column":39}}},"8":{"name":"(anonymous_8)","line":178,"loc":{"start":{"line":178,"column":38},"end":{"line":178,"column":59}}},"9":{"name":"(anonymous_9)","line":198,"loc":{"start":{"line":198,"column":17},"end":{"line":198,"column":34}}},"10":{"name":"(anonymous_10)","line":225,"loc":{"start":{"line":225,"column":21},"end":{"line":225,"column":50}}},"11":{"name":"(anonymous_11)","line":253,"loc":{"start":{"line":253,"column":33},"end":{"line":253,"column":66}}},"12":{"name":"(anonymous_12)","line":272,"loc":{"start":{"line":272,"column":36},"end":{"line":272,"column":62}}}},"statementMap":{"1":{"start":{"line":16,"column":0},"end":{"line":300,"column":4}},"2":{"start":{"line":19,"column":1},"end":{"line":36,"column":2}},"3":{"start":{"line":22,"column":2},"end":{"line":27,"column":15}},"4":{"start":{"line":28,"column":8},"end":{"line":36,"column":2}},"5":{"start":{"line":31,"column":2},"end":{"line":31,"column":77}},"6":{"start":{"line":35,"column":2},"end":{"line":35,"column":39}},"7":{"start":{"line":39,"column":0},"end":{"line":44,"column":70}},"8":{"start":{"line":68,"column":0},"end":{"line":90,"column":2}},"9":{"start":{"line":69,"column":1},"end":{"line":70,"column":67}},"10":{"start":{"line":72,"column":1},"end":{"line":72,"column":48}},"11":{"start":{"line":73,"column":1},"end":{"line":73,"column":43}},"12":{"start":{"line":74,"column":1},"end":{"line":74,"column":40}},"13":{"start":{"line":77,"column":1},"end":{"line":85,"column":2}},"14":{"start":{"line":78,"column":2},"end":{"line":78,"column":43}},"15":{"start":{"line":79,"column":2},"end":{"line":79,"column":42}},"16":{"start":{"line":81,"column":2},"end":{"line":81,"column":75}},"17":{"start":{"line":82,"column":2},"end":{"line":82,"column":66}},"18":{"start":{"line":84,"column":2},"end":{"line":84,"column":69}},"19":{"start":{"line":87,"column":1},"end":{"line":87,"column":41}},"20":{"start":{"line":89,"column":1},"end":{"line":89,"column":53}},"21":{"start":{"line":95,"column":0},"end":{"line":103,"column":2}},"22":{"start":{"line":96,"column":1},"end":{"line":101,"column":3}},"23":{"start":{"line":97,"column":2},"end":{"line":97,"column":46}},"24":{"start":{"line":98,"column":2},"end":{"line":98,"column":48}},"25":{"start":{"line":100,"column":2},"end":{"line":100,"column":79}},"26":{"start":{"line":113,"column":0},"end":{"line":114,"column":47}},"27":{"start":{"line":119,"column":0},"end":{"line":130,"column":1}},"28":{"start":{"line":120,"column":1},"end":{"line":120,"column":22}},"29":{"start":{"line":122,"column":1},"end":{"line":127,"column":2}},"30":{"start":{"line":123,"column":2},"end":{"line":123,"column":11}},"31":{"start":{"line":124,"column":2},"end":{"line":126,"column":3}},"32":{"start":{"line":125,"column":3},"end":{"line":125,"column":80}},"33":{"start":{"line":129,"column":1},"end":{"line":129,"column":12}},"34":{"start":{"line":171,"column":0},"end":{"line":207,"column":2}},"35":{"start":{"line":172,"column":1},"end":{"line":172,"column":9}},"36":{"start":{"line":175,"column":1},"end":{"line":175,"column":38}},"37":{"start":{"line":178,"column":1},"end":{"line":184,"column":4}},"38":{"start":{"line":179,"column":2},"end":{"line":183,"column":5}},"39":{"start":{"line":187,"column":1},"end":{"line":187,"column":33}},"40":{"start":{"line":190,"column":1},"end":{"line":204,"column":2}},"41":{"start":{"line":197,"column":2},"end":{"line":197,"column":31}},"42":{"start":{"line":198,"column":2},"end":{"line":200,"column":5}},"43":{"start":{"line":199,"column":3},"end":{"line":199,"column":34}},"44":{"start":{"line":201,"column":2},"end":{"line":203,"column":3}},"45":{"start":{"line":202,"column":3},"end":{"line":202,"column":10}},"46":{"start":{"line":206,"column":1},"end":{"line":206,"column":12}},"47":{"start":{"line":209,"column":0},"end":{"line":209,"column":18}},"48":{"start":{"line":225,"column":0},"end":{"line":235,"column":2}},"49":{"start":{"line":226,"column":1},"end":{"line":226,"column":41}},"50":{"start":{"line":228,"column":1},"end":{"line":228,"column":81}},"51":{"start":{"line":229,"column":1},"end":{"line":229,"column":46}},"52":{"start":{"line":231,"column":1},"end":{"line":234,"column":3}},"53":{"start":{"line":252,"column":0},"end":{"line":258,"column":2}},"54":{"start":{"line":254,"column":1},"end":{"line":254,"column":45}},"55":{"start":{"line":255,"column":1},"end":{"line":255,"column":47}},"56":{"start":{"line":257,"column":1},"end":{"line":257,"column":53}},"57":{"start":{"line":271,"column":0},"end":{"line":293,"column":2}},"58":{"start":{"line":273,"column":1},"end":{"line":273,"column":72}},"59":{"start":{"line":275,"column":1},"end":{"line":275,"column":43}},"60":{"start":{"line":276,"column":1},"end":{"line":276,"column":45}},"61":{"start":{"line":278,"column":1},"end":{"line":278,"column":56}},"62":{"start":{"line":280,"column":1},"end":{"line":280,"column":25}},"63":{"start":{"line":282,"column":1},"end":{"line":282,"column":26}},"64":{"start":{"line":283,"column":1},"end":{"line":283,"column":31}},"65":{"start":{"line":284,"column":1},"end":{"line":284,"column":54}},"66":{"start":{"line":286,"column":1},"end":{"line":286,"column":69}},"67":{"start":{"line":287,"column":1},"end":{"line":287,"column":42}},"68":{"start":{"line":288,"column":1},"end":{"line":288,"column":76}},"69":{"start":{"line":290,"column":1},"end":{"line":290,"column":92}},"70":{"start":{"line":292,"column":1},"end":{"line":292,"column":17}},"71":{"start":{"line":295,"column":0},"end":{"line":295,"column":17}}},"branchMap":{"1":{"line":19,"type":"if","locations":[{"start":{"line":19,"column":1},"end":{"line":19,"column":1}},{"start":{"line":19,"column":1},"end":{"line":19,"column":1}}]},"2":{"line":19,"type":"binary-expr","locations":[{"start":{"line":19,"column":6},"end":{"line":19,"column":34}},{"start":{"line":19,"column":38},"end":{"line":19,"column":48}}]},"3":{"line":28,"type":"if","locations":[{"start":{"line":28,"column":8},"end":{"line":28,"column":8}},{"start":{"line":28,"column":8},"end":{"line":28,"column":8}}]},"4":{"line":77,"type":"if","locations":[{"start":{"line":77,"column":1},"end":{"line":77,"column":1}},{"start":{"line":77,"column":1},"end":{"line":77,"column":1}}]},"5":{"line":122,"type":"if","locations":[{"start":{"line":122,"column":1},"end":{"line":122,"column":1}},{"start":{"line":122,"column":1},"end":{"line":122,"column":1}}]},"6":{"line":182,"type":"cond-expr","locations":[{"start":{"line":182,"column":21},"end":{"line":182,"column":42}},{"start":{"line":182,"column":45},"end":{"line":182,"column":49}}]},"7":{"line":190,"type":"if","locations":[{"start":{"line":190,"column":1},"end":{"line":190,"column":1}},{"start":{"line":190,"column":1},"end":{"line":190,"column":1}}]},"8":{"line":190,"type":"binary-expr","locations":[{"start":{"line":190,"column":6},"end":{"line":190,"column":10}},{"start":{"line":190,"column":14},"end":{"line":190,"column":38}}]},"9":{"line":201,"type":"if","locations":[{"start":{"line":201,"column":2},"end":{"line":201,"column":2}},{"start":{"line":201,"column":2},"end":{"line":201,"column":2}}]},"10":{"line":201,"type":"binary-expr","locations":[{"start":{"line":201,"column":7},"end":{"line":201,"column":16}},{"start":{"line":201,"column":20},"end":{"line":201,"column":29}}]},"11":{"line":280,"type":"binary-expr","locations":[{"start":{"line":280,"column":11},"end":{"line":280,"column":18}},{"start":{"line":280,"column":22},"end":{"line":280,"column":24}}]},"12":{"line":283,"type":"binary-expr","locations":[{"start":{"line":283,"column":8},"end":{"line":283,"column":20}},{"start":{"line":283,"column":24},"end":{"line":283,"column":30}}]},"13":{"line":286,"type":"binary-expr","locations":[{"start":{"line":286,"column":19},"end":{"line":286,"column":42}},{"start":{"line":286,"column":46},"end":{"line":286,"column":68}}]}},"code":["/**"," * Globalize v1.2.3"," *"," * http://github.com/jquery/globalize"," *"," * Copyright 2010, 2014 jQuery Foundation, Inc. and other contributors"," * Released under the MIT license"," * http://jquery.org/license"," *"," * Date: 2017-03-17T01:41Z"," */","/*!"," * Globalize v1.2.3 2017-03-17T01:41Z Released under the MIT license"," * http://git.io/TrdQbw"," */","(function( root, factory ) {","","\t// UMD returnExports","\tif ( typeof define === \"function\" && define.amd ) {","","\t\t// AMD","\t\tdefine([","\t\t\t\"cldr\",","\t\t\t\"../globalize\",","\t\t\t\"./number\",","\t\t\t\"./plural\"","\t\t], factory );","\t} else if ( typeof exports === \"object\" ) {","","\t\t// Node, CommonJS","\t\tmodule.exports = factory( require( \"cldrjs\" ), require( \"../globalize\" ) );","\t} else {","","\t\t// Extend global","\t\tfactory( root.Cldr, root.Globalize );","\t}","}(this, function( Cldr, Globalize ) {","","var formatMessage = Globalize._formatMessage,","\truntimeBind = Globalize._runtimeBind,","\tvalidateParameterPresence = Globalize._validateParameterPresence,","\tvalidateParameterTypePlainObject = Globalize._validateParameterTypePlainObject,","\tvalidateParameterTypeNumber = Globalize._validateParameterTypeNumber,","\tvalidateParameterTypeString = Globalize._validateParameterTypeString;","","","/**"," * format( value, numberFormatter, pluralGenerator, unitProperies )"," *"," * @value [Number]"," *"," * @numberFormatter [Object]: A numberFormatter from Globalize.numberFormatter."," *"," * @pluralGenerator [Object]: A pluralGenerator from Globalize.pluralGenerator."," *"," * @unitProperies [Object]: localized unit data from cldr."," *"," * Format units such as seconds, minutes, days, weeks, etc."," *"," * OBS:"," *"," * Unit Sequences are not implemented."," * http://www.unicode.org/reports/tr35/tr35-35/tr35-general.html#Unit_Sequences"," *"," * Duration Unit (for composed time unit durations) is not implemented."," * http://www.unicode.org/reports/tr35/tr35-35/tr35-general.html#durationUnit"," */","var unitFormat = function( value, numberFormatter, pluralGenerator, unitProperties ) {","\tvar compoundUnitPattern = unitProperties.compoundUnitPattern, dividend, dividendProperties,","\t\tformattedValue, divisor, divisorProperties, message, pluralValue;","","\tunitProperties = unitProperties.unitProperties;","\tformattedValue = numberFormatter( value );","\tpluralValue = pluralGenerator( value );","","\t// computed compound unit, eg. \"megabyte-per-second\".","\tif ( unitProperties instanceof Array ) {","\t\tdividendProperties = unitProperties[ 0 ];","\t\tdivisorProperties = unitProperties[ 1 ];","","\t\tdividend = formatMessage( dividendProperties[ pluralValue ], [ value ] );","\t\tdivisor = formatMessage( divisorProperties.one, [ \"\" ] ).trim();","","\t\treturn formatMessage( compoundUnitPattern, [ dividend, divisor ] );","\t}","","\tmessage = unitProperties[ pluralValue ];","","\treturn formatMessage( message, [ formattedValue ] );","};","","","","","var unitFormatterFn = function( numberFormatter, pluralGenerator, unitProperties ) {","\treturn function unitFormatter( value ) {","\t\tvalidateParameterPresence( value, \"value\" );","\t\tvalidateParameterTypeNumber( value, \"value\" );","","\t\treturn unitFormat( value, numberFormatter, pluralGenerator, unitProperties );","\t};","","};","","","","","/**"," * categories()"," *"," * Return all unit categories."," */","var unitCategories = [ \"acceleration\", \"angle\", \"area\", \"digital\", \"duration\", \"length\", \"mass\", \"power\",","\"pressure\", \"speed\", \"temperature\", \"volume\" ];","","","","","function stripPluralGarbage( data ) {","\tvar aux, pluralCount;","","\tif ( data ) {","\t\taux = {};","\t\tfor ( pluralCount in data ) {","\t\t\taux[ pluralCount.replace( /unitPattern-count-/, \"\" ) ] = data[ pluralCount ];","\t\t}","\t}","","\treturn aux;","}","","/**"," * get( unit, form, cldr )"," *"," * @unit [String] The full type-unit name (eg. duration-second), or the short unit name"," * (eg. second)."," *"," * @form [String] A string describing the form of the unit representation (eg. long,"," * short, narrow)."," *"," * @cldr [Cldr instance]."," *"," * Return the plural map of a unit, eg: \"second\""," * { \"one\": \"{0} second\","," *   \"other\": \"{0} seconds\" }"," * }"," *"," * Or the Array of plural maps of a compound-unit, eg: \"foot-per-second\""," * [ { \"one\": \"{0} foot\","," *     \"other\": \"{0} feet\" },"," *   { \"one\": \"{0} second\","," *     \"other\": \"{0} seconds\" } ]"," *"," * Uses the precomputed form of a compound-unit if available, eg: \"mile-per-hour\""," * { \"displayName\": \"miles per hour\","," *    \"unitPattern-count-one\": \"{0} mile per hour\","," *    \"unitPattern-count-other\": \"{0} miles per hour\""," * },"," *"," * Also supports \"/\" instead of \"-per-\", eg. \"foot/second\", using the precomputed form if"," * available."," *"," * Or the Array of plural maps of a compound-unit, eg: \"foot-per-second\""," * [ { \"one\": \"{0} foot\","," *     \"other\": \"{0} feet\" },"," *   { \"one\": \"{0} second\","," *     \"other\": \"{0} seconds\" } ]"," *"," * Or undefined in case the unit (or a unit of the compound-unit) doesn't exist."," */","var get = function( unit, form, cldr ) {","\tvar ret;","","\t// Ensure that we get the 'precomputed' form, if present.","\tunit = unit.replace( /\\//, \"-per-\" );","","\t// Get unit or <category>-unit (eg. \"duration-second\").","\t[ \"\" ].concat( unitCategories ).some(function( category ) {","\t\treturn ret = cldr.main([","\t\t\t\"units\",","\t\t\tform,","\t\t\tcategory.length ? category + \"-\" + unit : unit","\t\t]);","\t});","","\t// Rename keys s/unitPattern-count-//g.","\tret = stripPluralGarbage( ret );","","\t// Compound Unit, eg. \"foot-per-second\" or \"foot/second\".","\tif ( !ret && ( /-per-/ ).test( unit ) ) {","","\t\t// \"Some units already have 'precomputed' forms, such as kilometer-per-hour;","\t\t// where such units exist, they should be used in preference\" UTS#35.","\t\t// Note that precomputed form has already been handled above (!ret).","","\t\t// Get both recursively.","\t\tunit = unit.split( \"-per-\" );","\t\tret = unit.map(function( unit ) {","\t\t\treturn get( unit, form, cldr );","\t\t});","\t\tif ( !ret[ 0 ] || !ret[ 1 ] ) {","\t\t\treturn;","\t\t}","\t}","","\treturn ret;","};","","var unitGet = get;","","","","","/**"," * properties( unit, form, cldr )"," *"," * @unit [String] The full type-unit name (eg. duration-second), or the short unit name"," * (eg. second)."," *"," * @form [String] A string describing the form of the unit representation (eg. long,"," * short, narrow)."," *"," * @cldr [Cldr instance]."," */","var unitProperties = function( unit, form, cldr ) {","\tvar compoundUnitPattern, unitProperties;","","\tcompoundUnitPattern = cldr.main( [ \"units\", form, \"per/compoundUnitPattern\" ] );","\tunitProperties = unitGet( unit, form, cldr );","","\treturn {","\t\tcompoundUnitPattern: compoundUnitPattern,","\t\tunitProperties: unitProperties","\t};","};","","","","","/**"," * Globalize.formatUnit( value, unit, options )"," *"," * @value [Number]"," *"," * @unit [String]: The unit (e.g \"second\", \"day\", \"year\")"," *"," * @options [Object]"," * - form: [String] \"long\", \"short\" (default), or \"narrow\"."," *"," * Format units such as seconds, minutes, days, weeks, etc."," */","Globalize.formatUnit =","Globalize.prototype.formatUnit = function( value, unit, options ) {","\tvalidateParameterPresence( value, \"value\" );","\tvalidateParameterTypeNumber( value, \"value\" );","","\treturn this.unitFormatter( unit, options )( value );","};","","/**"," * Globalize.unitFormatter( unit, options )"," *"," * @unit [String]: The unit (e.g \"second\", \"day\", \"year\")"," *"," * @options [Object]"," * - form: [String] \"long\", \"short\" (default), or \"narrow\"."," *"," * - numberFormatter: [Function] a number formatter function. Defaults to Globalize"," *   `.numberFormatter()` for the current locale using the default options."," */","Globalize.unitFormatter =","Globalize.prototype.unitFormatter = function( unit, options ) {","\tvar args, form, numberFormatter, pluralGenerator, returnFn, properties;","","\tvalidateParameterPresence( unit, \"unit\" );","\tvalidateParameterTypeString( unit, \"unit\" );","","\tvalidateParameterTypePlainObject( options, \"options\" );","","\toptions = options || {};","","\targs = [ unit, options ];","\tform = options.form || \"long\";","\tproperties = unitProperties( unit, form, this.cldr );","","\tnumberFormatter = options.numberFormatter || this.numberFormatter();","\tpluralGenerator = this.pluralGenerator();","\treturnFn = unitFormatterFn( numberFormatter, pluralGenerator, properties );","","\truntimeBind( args, this.cldr, returnFn, [ numberFormatter, pluralGenerator, properties ] );","","\treturn returnFn;","};","","return Globalize;","","","","","}));",""],"l":{"16":1,"19":1,"22":0,"28":1,"31":1,"35":0,"39":1,"68":1,"69":0,"72":0,"73":0,"74":0,"77":0,"78":0,"79":0,"81":0,"82":0,"84":0,"87":0,"89":0,"95":1,"96":0,"97":0,"98":0,"100":0,"113":1,"119":1,"120":0,"122":0,"123":0,"124":0,"125":0,"129":0,"171":1,"172":0,"175":0,"178":0,"179":0,"187":0,"190":0,"197":0,"198":0,"199":0,"201":0,"202":0,"206":0,"209":1,"225":1,"226":0,"228":0,"229":0,"231":0,"252":1,"254":0,"255":0,"257":0,"271":1,"273":0,"275":0,"276":0,"278":0,"280":0,"282":0,"283":0,"284":0,"286":0,"287":0,"288":0,"290":0,"292":0,"295":1}}}